2017/04/05 21:58:09 [warning] [application] Failed to set unsafe attribute "dob" of "User".
in /Users/admin/Documents/WebRoot/myTimesheet/protected/controllers/UserController.php (72)
in /Users/admin/Documents/WebRoot/myTimesheet/index.php (13)
2017/04/05 21:59:13 [error] [system.db.CDbCommand] CDbCommand::execute() failed: SQLSTATE[23000]: Integrity constraint violation: 1452 Cannot add or update a child row: a foreign key constraint fails (`mytimesheet`.`job`, CONSTRAINT `fk_job_jobsite` FOREIGN KEY (`jobsite_id`) REFERENCES `jobsite` (`id`) ON DELETE CASCADE ON UPDATE NO ACTION). The SQL statement executed was: INSERT INTO `job` (`user_id`, `date`, `start`, `end`, `jobsite_id`, `description`) VALUES (:yp0, :yp1, :yp2, :yp3, :yp4, :yp5). Bound with :yp0='1', :yp1='04/05/2017', :yp2='8:00', :yp3='16:00', :yp4='1', :yp5='Did nothing'.
in /Users/admin/Documents/WebRoot/myTimesheet/protected/controllers/JobController.php (73)
in /Users/admin/Documents/WebRoot/myTimesheet/index.php (13)
2017/04/05 21:59:13 [error] [exception.CDbException] CDbException: CDbCommand failed to execute the SQL statement: SQLSTATE[23000]: Integrity constraint violation: 1452 Cannot add or update a child row: a foreign key constraint fails (`mytimesheet`.`job`, CONSTRAINT `fk_job_jobsite` FOREIGN KEY (`jobsite_id`) REFERENCES `jobsite` (`id`) ON DELETE CASCADE ON UPDATE NO ACTION). The SQL statement executed was: INSERT INTO `job` (`user_id`, `date`, `start`, `end`, `jobsite_id`, `description`) VALUES (:yp0, :yp1, :yp2, :yp3, :yp4, :yp5). Bound with :yp0='1', :yp1='04/05/2017', :yp2='8:00', :yp3='16:00', :yp4='1', :yp5='Did nothing' in /Users/admin/yii/framework/db/CDbCommand.php:358
Stack trace:
#0 /Users/admin/yii/framework/db/ar/CActiveRecord.php(1080): CDbCommand->execute()
#1 /Users/admin/yii/framework/db/ar/CActiveRecord.php(809): CActiveRecord->insert(NULL)
#2 /Users/admin/Documents/WebRoot/myTimesheet/protected/controllers/JobController.php(73): CActiveRecord->save()
#3 /Users/admin/yii/framework/web/actions/CInlineAction.php(49): JobController->actionCreate()
#4 /Users/admin/yii/framework/web/CController.php(308): CInlineAction->runWithParams(Array)
#5 /Users/admin/yii/framework/web/filters/CFilterChain.php(133): CController->runAction(Object(CInlineAction))
#6 /Users/admin/yii/framework/web/filters/CFilter.php(40): CFilterChain->run()
#7 /Users/admin/yii/framework/web/CController.php(1145): CFilter->filter(Object(CFilterChain))
#8 /Users/admin/yii/framework/web/filters/CInlineFilter.php(58): CController->filterAccessControl(Object(CFilterChain))
#9 /Users/admin/yii/framework/web/filters/CFilterChain.php(130): CInlineFilter->filter(Object(CFilterChain))
#10 /Users/admin/yii/framework/web/CController.php(291): CFilterChain->run()
#11 /Users/admin/yii/framework/web/CController.php(265): CController->runActionWithFilters(Object(CInlineAction), Array)
#12 /Users/admin/yii/framework/web/CWebApplication.php(282): CController->run('create')
#13 /Users/admin/yii/framework/web/CWebApplication.php(141): CWebApplication->runController('job/create')
#14 /Users/admin/yii/framework/base/CApplication.php(185): CWebApplication->processRequest()
#15 /Users/admin/Documents/WebRoot/myTimesheet/index.php(13): CApplication->run()
#16 {main}
REQUEST_URI=/myTimesheet/index.php/job/create
HTTP_REFERER=http://localhost:8888/myTimesheet/index.php/job/create
---
2017/04/05 22:02:56 [error] [exception.CHttpException.404] CHttpException: The requested page does not exist. in /Users/admin/Documents/WebRoot/myTimesheet/protected/controllers/JobController.php:157
Stack trace:
#0 /Users/admin/Documents/WebRoot/myTimesheet/protected/controllers/JobController.php(55): JobController->loadModel('2')
#1 [internal function]: JobController->actionView('2')
#2 /Users/admin/yii/framework/web/actions/CAction.php(109): ReflectionMethod->invokeArgs(Object(JobController), Array)
#3 /Users/admin/yii/framework/web/actions/CInlineAction.php(47): CAction->runWithParamsInternal(Object(JobController), Object(ReflectionMethod), Array)
#4 /Users/admin/yii/framework/web/CController.php(308): CInlineAction->runWithParams(Array)
#5 /Users/admin/yii/framework/web/filters/CFilterChain.php(133): CController->runAction(Object(CInlineAction))
#6 /Users/admin/yii/framework/web/filters/CFilter.php(40): CFilterChain->run()
#7 /Users/admin/yii/framework/web/CController.php(1145): CFilter->filter(Object(CFilterChain))
#8 /Users/admin/yii/framework/web/filters/CInlineFilter.php(58): CController->filterAccessControl(Object(CFilterChain))
#9 /Users/admin/yii/framework/web/filters/CFilterChain.php(130): CInlineFilter->filter(Object(CFilterChain))
#10 /Users/admin/yii/framework/web/CController.php(291): CFilterChain->run()
#11 /Users/admin/yii/framework/web/CController.php(265): CController->runActionWithFilters(Object(CInlineAction), Array)
#12 /Users/admin/yii/framework/web/CWebApplication.php(282): CController->run('view')
#13 /Users/admin/yii/framework/web/CWebApplication.php(141): CWebApplication->runController('job/view')
#14 /Users/admin/yii/framework/base/CApplication.php(185): CWebApplication->processRequest()
#15 /Users/admin/Documents/WebRoot/myTimesheet/index.php(13): CApplication->run()
#16 {main}
REQUEST_URI=/myTimesheet/index.php/job/2
HTTP_REFERER=http://localhost:8888/myTimesheet/index.php/job/update/2
---
2017/04/05 22:03:48 [warning] [application] Failed to set unsafe attribute "dob" of "User".
in /Users/admin/Documents/WebRoot/myTimesheet/protected/controllers/UserController.php (96)
in /Users/admin/Documents/WebRoot/myTimesheet/index.php (13)
2017/04/05 22:16:07 [error] [exception.CException] CException: Property "Job.field_name" is not defined. in /Users/admin/yii/framework/base/CComponent.php:130
Stack trace:
#0 /Users/admin/yii/framework/db/ar/CActiveRecord.php(145): CComponent->__get('field_name')
#1 /Users/admin/yii/framework/web/helpers/CHtml.php(2729): CActiveRecord->__get('field_name')
#2 /Users/admin/yii/framework/web/helpers/CHtml.php(1982): CHtml::resolveValue(Object(Job), 'field_name')
#3 /Users/admin/yii/framework/web/widgets/CActiveForm.php(914): CHtml::activeDropDownList(Object(Job), 'field_name', Array, Array)
#4 /Users/admin/Documents/WebRoot/myTimesheet/protected/views/job/_form.php(49): CActiveForm->dropDownList(Object(Job), 'field_name', Array)
#5 /Users/admin/yii/framework/web/CBaseController.php(126): require('/Users/admin/Do...')
#6 /Users/admin/yii/framework/web/CBaseController.php(95): CBaseController->renderInternal('/Users/admin/Do...', Array, true)
#7 /Users/admin/yii/framework/web/CController.php(869): CBaseController->renderFile('/Users/admin/Do...', Array, true)
#8 /Users/admin/Documents/WebRoot/myTimesheet/protected/views/job/create.php(18): CController->renderPartial('_form', Array)
#9 /Users/admin/yii/framework/web/CBaseController.php(126): require('/Users/admin/Do...')
#10 /Users/admin/yii/framework/web/CBaseController.php(95): CBaseController->renderInternal('/Users/admin/Do...', Array, true)
#11 /Users/admin/yii/framework/web/CController.php(869): CBaseController->renderFile('/Users/admin/Do...', Array, true)
#12 /Users/admin/yii/framework/web/CController.php(782): CController->renderPartial('create', Array, true)
#13 /Users/admin/Documents/WebRoot/myTimesheet/protected/controllers/JobController.php(78): CController->render('create', Array)
#14 /Users/admin/yii/framework/web/actions/CInlineAction.php(49): JobController->actionCreate()
#15 /Users/admin/yii/framework/web/CController.php(308): CInlineAction->runWithParams(Array)
#16 /Users/admin/yii/framework/web/filters/CFilterChain.php(133): CController->runAction(Object(CInlineAction))
#17 /Users/admin/yii/framework/web/filters/CFilter.php(40): CFilterChain->run()
#18 /Users/admin/yii/framework/web/CController.php(1145): CFilter->filter(Object(CFilterChain))
#19 /Users/admin/yii/framework/web/filters/CInlineFilter.php(58): CController->filterAccessControl(Object(CFilterChain))
#20 /Users/admin/yii/framework/web/filters/CFilterChain.php(130): CInlineFilter->filter(Object(CFilterChain))
#21 /Users/admin/yii/framework/web/CController.php(291): CFilterChain->run()
#22 /Users/admin/yii/framework/web/CController.php(265): CController->runActionWithFilters(Object(CInlineAction), Array)
#23 /Users/admin/yii/framework/web/CWebApplication.php(282): CController->run('create')
#24 /Users/admin/yii/framework/web/CWebApplication.php(141): CWebApplication->runController('job/create')
#25 /Users/admin/yii/framework/base/CApplication.php(185): CWebApplication->processRequest()
#26 /Users/admin/Documents/WebRoot/myTimesheet/index.php(13): CApplication->run()
#27 {main}
REQUEST_URI=/myTimesheet/index.php/job/create
HTTP_REFERER=http://localhost:8888/myTimesheet/index.php/job
---
2017/04/05 22:19:02 [error] [php] Missing argument 3 for CHtml::listData(), called in /Users/admin/Documents/WebRoot/myTimesheet/protected/views/job/_form.php on line 49 and defined (/Users/admin/yii/framework/web/helpers/CHtml.php:2271)
Stack trace:
#0 /Users/admin/yii/framework/web/CBaseController.php(95): JobController->renderInternal()
#1 /Users/admin/yii/framework/web/CController.php(869): JobController->renderFile()
#2 /Users/admin/Documents/WebRoot/myTimesheet/protected/views/job/create.php(18): JobController->renderPartial()
#3 /Users/admin/yii/framework/web/CBaseController.php(126): require()
#4 /Users/admin/yii/framework/web/CBaseController.php(95): JobController->renderInternal()
#5 /Users/admin/yii/framework/web/CController.php(869): JobController->renderFile()
#6 /Users/admin/yii/framework/web/CController.php(782): JobController->renderPartial()
#7 /Users/admin/Documents/WebRoot/myTimesheet/protected/controllers/JobController.php(78): JobController->render()
#8 /Users/admin/yii/framework/web/actions/CInlineAction.php(49): JobController->actionCreate()
#9 /Users/admin/yii/framework/web/CController.php(308): CInlineAction->runWithParams()
#10 /Users/admin/yii/framework/web/filters/CFilterChain.php(133): JobController->runAction()
#11 /Users/admin/yii/framework/web/filters/CFilter.php(40): CFilterChain->run()
#12 /Users/admin/yii/framework/web/CController.php(1145): CAccessControlFilter->filter()
#13 /Users/admin/yii/framework/web/filters/CInlineFilter.php(58): JobController->filterAccessControl()
#14 /Users/admin/yii/framework/web/filters/CFilterChain.php(130): CInlineFilter->filter()
#15 /Users/admin/yii/framework/web/CController.php(291): CFilterChain->run()
#16 /Users/admin/yii/framework/web/CController.php(265): JobController->runActionWithFilters()
#17 /Users/admin/yii/framework/web/CWebApplication.php(282): JobController->run()
#18 /Users/admin/yii/framework/web/CWebApplication.php(141): CWebApplication->runController()
#19 /Users/admin/yii/framework/base/CApplication.php(185): CWebApplication->processRequest()
#20 /Users/admin/Documents/WebRoot/myTimesheet/index.php(13): CWebApplication->run()
REQUEST_URI=/myTimesheet/index.php/job/create
in /Users/admin/Documents/WebRoot/myTimesheet/protected/views/job/_form.php (49)
in /Users/admin/Documents/WebRoot/myTimesheet/protected/views/job/create.php (18)
in /Users/admin/Documents/WebRoot/myTimesheet/protected/controllers/JobController.php (78)
2017/04/05 22:19:04 [error] [php] Missing argument 3 for CHtml::listData(), called in /Users/admin/Documents/WebRoot/myTimesheet/protected/views/job/_form.php on line 49 and defined (/Users/admin/yii/framework/web/helpers/CHtml.php:2271)
Stack trace:
#0 /Users/admin/yii/framework/web/CBaseController.php(95): JobController->renderInternal()
#1 /Users/admin/yii/framework/web/CController.php(869): JobController->renderFile()
#2 /Users/admin/Documents/WebRoot/myTimesheet/protected/views/job/create.php(18): JobController->renderPartial()
#3 /Users/admin/yii/framework/web/CBaseController.php(126): require()
#4 /Users/admin/yii/framework/web/CBaseController.php(95): JobController->renderInternal()
#5 /Users/admin/yii/framework/web/CController.php(869): JobController->renderFile()
#6 /Users/admin/yii/framework/web/CController.php(782): JobController->renderPartial()
#7 /Users/admin/Documents/WebRoot/myTimesheet/protected/controllers/JobController.php(78): JobController->render()
#8 /Users/admin/yii/framework/web/actions/CInlineAction.php(49): JobController->actionCreate()
#9 /Users/admin/yii/framework/web/CController.php(308): CInlineAction->runWithParams()
#10 /Users/admin/yii/framework/web/filters/CFilterChain.php(133): JobController->runAction()
#11 /Users/admin/yii/framework/web/filters/CFilter.php(40): CFilterChain->run()
#12 /Users/admin/yii/framework/web/CController.php(1145): CAccessControlFilter->filter()
#13 /Users/admin/yii/framework/web/filters/CInlineFilter.php(58): JobController->filterAccessControl()
#14 /Users/admin/yii/framework/web/filters/CFilterChain.php(130): CInlineFilter->filter()
#15 /Users/admin/yii/framework/web/CController.php(291): CFilterChain->run()
#16 /Users/admin/yii/framework/web/CController.php(265): JobController->runActionWithFilters()
#17 /Users/admin/yii/framework/web/CWebApplication.php(282): JobController->run()
#18 /Users/admin/yii/framework/web/CWebApplication.php(141): CWebApplication->runController()
#19 /Users/admin/yii/framework/base/CApplication.php(185): CWebApplication->processRequest()
#20 /Users/admin/Documents/WebRoot/myTimesheet/index.php(13): CWebApplication->run()
REQUEST_URI=/myTimesheet/index.php/job/create
in /Users/admin/Documents/WebRoot/myTimesheet/protected/views/job/_form.php (49)
in /Users/admin/Documents/WebRoot/myTimesheet/protected/views/job/create.php (18)
in /Users/admin/Documents/WebRoot/myTimesheet/protected/controllers/JobController.php (78)
2017/04/05 22:19:05 [error] [php] Missing argument 3 for CHtml::listData(), called in /Users/admin/Documents/WebRoot/myTimesheet/protected/views/job/_form.php on line 49 and defined (/Users/admin/yii/framework/web/helpers/CHtml.php:2271)
Stack trace:
#0 /Users/admin/yii/framework/web/CBaseController.php(95): JobController->renderInternal()
#1 /Users/admin/yii/framework/web/CController.php(869): JobController->renderFile()
#2 /Users/admin/Documents/WebRoot/myTimesheet/protected/views/job/create.php(18): JobController->renderPartial()
#3 /Users/admin/yii/framework/web/CBaseController.php(126): require()
#4 /Users/admin/yii/framework/web/CBaseController.php(95): JobController->renderInternal()
#5 /Users/admin/yii/framework/web/CController.php(869): JobController->renderFile()
#6 /Users/admin/yii/framework/web/CController.php(782): JobController->renderPartial()
#7 /Users/admin/Documents/WebRoot/myTimesheet/protected/controllers/JobController.php(78): JobController->render()
#8 /Users/admin/yii/framework/web/actions/CInlineAction.php(49): JobController->actionCreate()
#9 /Users/admin/yii/framework/web/CController.php(308): CInlineAction->runWithParams()
#10 /Users/admin/yii/framework/web/filters/CFilterChain.php(133): JobController->runAction()
#11 /Users/admin/yii/framework/web/filters/CFilter.php(40): CFilterChain->run()
#12 /Users/admin/yii/framework/web/CController.php(1145): CAccessControlFilter->filter()
#13 /Users/admin/yii/framework/web/filters/CInlineFilter.php(58): JobController->filterAccessControl()
#14 /Users/admin/yii/framework/web/filters/CFilterChain.php(130): CInlineFilter->filter()
#15 /Users/admin/yii/framework/web/CController.php(291): CFilterChain->run()
#16 /Users/admin/yii/framework/web/CController.php(265): JobController->runActionWithFilters()
#17 /Users/admin/yii/framework/web/CWebApplication.php(282): JobController->run()
#18 /Users/admin/yii/framework/web/CWebApplication.php(141): CWebApplication->runController()
#19 /Users/admin/yii/framework/base/CApplication.php(185): CWebApplication->processRequest()
#20 /Users/admin/Documents/WebRoot/myTimesheet/index.php(13): CWebApplication->run()
REQUEST_URI=/myTimesheet/index.php/job/create
in /Users/admin/Documents/WebRoot/myTimesheet/protected/views/job/_form.php (49)
in /Users/admin/Documents/WebRoot/myTimesheet/protected/views/job/create.php (18)
in /Users/admin/Documents/WebRoot/myTimesheet/protected/controllers/JobController.php (78)
2017/04/06 19:16:23 [warning] [application] Failed to set unsafe attribute "dob" of "User".
in /Users/admin/Documents/WebRoot/myTimesheet/protected/controllers/UserController.php (72)
in /Users/admin/Documents/WebRoot/myTimesheet/index.php (13)
2017/04/06 19:21:43 [error] [exception.CException] CException: CCaptchaValidator.action "captcha" is invalid. Unable to find such an action in the current controller. in /Users/admin/yii/framework/validators/CCaptchaValidator.php:77
Stack trace:
#0 /Users/admin/yii/framework/validators/CCaptchaValidator.php(49): CCaptchaValidator->getCaptchaAction()
#1 /Users/admin/yii/framework/validators/CValidator.php(201): CCaptchaValidator->validateAttribute(Object(ContactForm), 'verifyCode')
#2 /Users/admin/yii/framework/base/CModel.php(159): CValidator->validate(Object(ContactForm), Array)
#3 /Users/admin/Documents/WebRoot/myTimesheet/protected/controllers/SiteController.php(54): CModel->validate()
#4 /Users/admin/yii/framework/web/actions/CInlineAction.php(49): SiteController->actionContact()
#5 /Users/admin/yii/framework/web/CController.php(308): CInlineAction->runWithParams(Array)
#6 /Users/admin/yii/framework/web/CController.php(286): CController->runAction(Object(CInlineAction))
#7 /Users/admin/yii/framework/web/CController.php(265): CController->runActionWithFilters(Object(CInlineAction), Array)
#8 /Users/admin/yii/framework/web/CWebApplication.php(282): CController->run('contact')
#9 /Users/admin/yii/framework/web/CWebApplication.php(141): CWebApplication->runController('site/contact')
#10 /Users/admin/yii/framework/base/CApplication.php(185): CWebApplication->processRequest()
#11 /Users/admin/Documents/WebRoot/myTimesheet/index.php(13): CApplication->run()
#12 {main}
REQUEST_URI=/myTimesheet/index.php/site/contact
HTTP_REFERER=http://localhost:8888/myTimesheet/index.php/site/contact
---
2017/04/06 19:59:27 [warning] [application] Failed to set unsafe attribute "dob" of "User".
in /Users/admin/Documents/WebRoot/myTimesheet/protected/controllers/UserController.php (72)
in /Users/admin/Documents/WebRoot/myTimesheet/index.php (13)
2017/04/06 20:00:06 [error] [exception.CHttpException.404] CHttpException: Unable to resolve the request "jobsite". in /Users/admin/yii/framework/web/CWebApplication.php:286
Stack trace:
#0 /Users/admin/yii/framework/web/CWebApplication.php(141): CWebApplication->runController('jobsite')
#1 /Users/admin/yii/framework/base/CApplication.php(185): CWebApplication->processRequest()
#2 /Users/admin/Documents/WebRoot/myTimesheet/index.php(13): CApplication->run()
#3 {main}
REQUEST_URI=/myTimesheet/index.php/jobsite
---
2017/04/06 21:08:46 [error] [exception.CException] CException: Property "CWebUser.username" is not defined. in /Users/admin/yii/framework/base/CComponent.php:130
Stack trace:
#0 /Users/admin/yii/framework/web/auth/CWebUser.php(146): CComponent->__get('username')
#1 /Users/admin/Documents/WebRoot/myTimesheet/protected/views/layouts/main.php(36): CWebUser->__get('username')
#2 /Users/admin/yii/framework/web/CBaseController.php(126): require('/Users/admin/Do...')
#3 /Users/admin/yii/framework/web/CBaseController.php(95): CBaseController->renderInternal('/Users/admin/Do...', Array, true)
#4 /Users/admin/yii/framework/web/widgets/CContentDecorator.php(76): CBaseController->renderFile('/Users/admin/Do...', Array, true)
#5 /Users/admin/yii/framework/web/widgets/CContentDecorator.php(54): CContentDecorator->decorate('<div id="conten...')
#6 /Users/admin/yii/framework/web/widgets/COutputProcessor.php(44): CContentDecorator->processOutput('<div id="conten...')
#7 /Users/admin/yii/framework/web/CBaseController.php(214): COutputProcessor->run()
#8 /Users/admin/yii/framework/web/CBaseController.php(308): CBaseController->endWidget('CContentDecorat...')
#9 /Users/admin/Documents/WebRoot/myTimesheet/protected/views/layouts/column1.php(6): CBaseController->endContent()
#10 /Users/admin/yii/framework/web/CBaseController.php(126): require('/Users/admin/Do...')
#11 /Users/admin/yii/framework/web/CBaseController.php(95): CBaseController->renderInternal('/Users/admin/Do...', Array, true)
#12 /Users/admin/yii/framework/web/CController.php(784): CBaseController->renderFile('/Users/admin/Do...', Array, true)
#13 /Users/admin/Documents/WebRoot/myTimesheet/protected/controllers/SiteController.php(28): CController->render('index')
#14 /Users/admin/yii/framework/web/actions/CInlineAction.php(49): SiteController->actionIndex()
#15 /Users/admin/yii/framework/web/CController.php(308): CInlineAction->runWithParams(Array)
#16 /Users/admin/yii/framework/web/CController.php(286): CController->runAction(Object(CInlineAction))
#17 /Users/admin/yii/framework/web/CController.php(265): CController->runActionWithFilters(Object(CInlineAction), Array)
#18 /Users/admin/yii/framework/web/CWebApplication.php(282): CController->run('')
#19 /Users/admin/yii/framework/web/CWebApplication.php(141): CWebApplication->runController('')
#20 /Users/admin/yii/framework/base/CApplication.php(185): CWebApplication->processRequest()
#21 /Users/admin/Documents/WebRoot/myTimesheet/index.php(13): CApplication->run()
#22 {main}
REQUEST_URI=/myTimesheet/
HTTP_REFERER=http://localhost:8888/
---
2017/04/06 21:09:04 [error] [exception.CHttpException.400] CHttpException: Your request is invalid. in /Users/admin/yii/framework/web/CController.php:336
Stack trace:
#0 /Users/admin/yii/framework/web/CController.php(309): CController->invalidActionParams(Object(CInlineAction))
#1 /Users/admin/yii/framework/web/filters/CFilterChain.php(133): CController->runAction(Object(CInlineAction))
#2 /Users/admin/yii/framework/web/filters/CFilter.php(40): CFilterChain->run()
#3 /Users/admin/yii/framework/web/CController.php(1145): CFilter->filter(Object(CFilterChain))
#4 /Users/admin/yii/framework/web/filters/CInlineFilter.php(58): CController->filterAccessControl(Object(CFilterChain))
#5 /Users/admin/yii/framework/web/filters/CFilterChain.php(130): CInlineFilter->filter(Object(CFilterChain))
#6 /Users/admin/yii/framework/web/CController.php(291): CFilterChain->run()
#7 /Users/admin/yii/framework/web/CController.php(265): CController->runActionWithFilters(Object(CInlineAction), Array)
#8 /Users/admin/yii/framework/web/CWebApplication.php(282): CController->run('view')
#9 /Users/admin/yii/framework/web/CWebApplication.php(141): CWebApplication->runController('user/view')
#10 /Users/admin/yii/framework/base/CApplication.php(185): CWebApplication->processRequest()
#11 /Users/admin/Documents/WebRoot/myTimesheet/index.php(13): CApplication->run()
#12 {main}
REQUEST_URI=/myTimesheet/index.php/user/view
HTTP_REFERER=http://localhost:8888/myTimesheet/
---
2017/04/06 21:09:33 [error] [exception.CHttpException.400] CHttpException: Your request is invalid. in /Users/admin/yii/framework/web/CController.php:336
Stack trace:
#0 /Users/admin/yii/framework/web/CController.php(309): CController->invalidActionParams(Object(CInlineAction))
#1 /Users/admin/yii/framework/web/filters/CFilterChain.php(133): CController->runAction(Object(CInlineAction))
#2 /Users/admin/yii/framework/web/filters/CFilter.php(40): CFilterChain->run()
#3 /Users/admin/yii/framework/web/CController.php(1145): CFilter->filter(Object(CFilterChain))
#4 /Users/admin/yii/framework/web/filters/CInlineFilter.php(58): CController->filterAccessControl(Object(CFilterChain))
#5 /Users/admin/yii/framework/web/filters/CFilterChain.php(130): CInlineFilter->filter(Object(CFilterChain))
#6 /Users/admin/yii/framework/web/CController.php(291): CFilterChain->run()
#7 /Users/admin/yii/framework/web/CController.php(265): CController->runActionWithFilters(Object(CInlineAction), Array)
#8 /Users/admin/yii/framework/web/CWebApplication.php(282): CController->run('view')
#9 /Users/admin/yii/framework/web/CWebApplication.php(141): CWebApplication->runController('user/view')
#10 /Users/admin/yii/framework/base/CApplication.php(185): CWebApplication->processRequest()
#11 /Users/admin/Documents/WebRoot/myTimesheet/index.php(13): CApplication->run()
#12 {main}
REQUEST_URI=/myTimesheet/index.php/user/view
HTTP_REFERER=http://localhost:8888/myTimesheet/
---
2017/04/06 21:10:11 [error] [exception.CHttpException.400] CHttpException: Your request is invalid. in /Users/admin/yii/framework/web/CController.php:336
Stack trace:
#0 /Users/admin/yii/framework/web/CController.php(309): CController->invalidActionParams(Object(CInlineAction))
#1 /Users/admin/yii/framework/web/filters/CFilterChain.php(133): CController->runAction(Object(CInlineAction))
#2 /Users/admin/yii/framework/web/filters/CFilter.php(40): CFilterChain->run()
#3 /Users/admin/yii/framework/web/CController.php(1145): CFilter->filter(Object(CFilterChain))
#4 /Users/admin/yii/framework/web/filters/CInlineFilter.php(58): CController->filterAccessControl(Object(CFilterChain))
#5 /Users/admin/yii/framework/web/filters/CFilterChain.php(130): CInlineFilter->filter(Object(CFilterChain))
#6 /Users/admin/yii/framework/web/CController.php(291): CFilterChain->run()
#7 /Users/admin/yii/framework/web/CController.php(265): CController->runActionWithFilters(Object(CInlineAction), Array)
#8 /Users/admin/yii/framework/web/CWebApplication.php(282): CController->run('view')
#9 /Users/admin/yii/framework/web/CWebApplication.php(141): CWebApplication->runController('user/view')
#10 /Users/admin/yii/framework/base/CApplication.php(185): CWebApplication->processRequest()
#11 /Users/admin/Documents/WebRoot/myTimesheet/index.php(13): CApplication->run()
#12 {main}
REQUEST_URI=/myTimesheet/index.php/user/view
HTTP_REFERER=http://localhost:8888/myTimesheet/index.php/user/view/1
---
2017/04/06 21:10:38 [error] [exception.CHttpException.404] CHttpException: The system is unable to find the requested action "indexs". in /Users/admin/yii/framework/web/CController.php:483
Stack trace:
#0 /Users/admin/yii/framework/web/CController.php(270): CController->missingAction('indexs')
#1 /Users/admin/yii/framework/web/CWebApplication.php(282): CController->run('indexs')
#2 /Users/admin/yii/framework/web/CWebApplication.php(141): CWebApplication->runController('user/indexs')
#3 /Users/admin/yii/framework/base/CApplication.php(185): CWebApplication->processRequest()
#4 /Users/admin/Documents/WebRoot/myTimesheet/index.php(13): CApplication->run()
#5 {main}
REQUEST_URI=/myTimesheet/index.php/user/indexs
HTTP_REFERER=http://localhost:8888/myTimesheet/index.php/user/view/1
---
2017/04/06 21:10:39 [error] [exception.CHttpException.404] CHttpException: The system is unable to find the requested action "indexs". in /Users/admin/yii/framework/web/CController.php:483
Stack trace:
#0 /Users/admin/yii/framework/web/CController.php(270): CController->missingAction('indexs')
#1 /Users/admin/yii/framework/web/CWebApplication.php(282): CController->run('indexs')
#2 /Users/admin/yii/framework/web/CWebApplication.php(141): CWebApplication->runController('user/indexs')
#3 /Users/admin/yii/framework/base/CApplication.php(185): CWebApplication->processRequest()
#4 /Users/admin/Documents/WebRoot/myTimesheet/index.php(13): CApplication->run()
#5 {main}
REQUEST_URI=/myTimesheet/index.php/user/indexs
HTTP_REFERER=http://localhost:8888/myTimesheet/index.php/user/view/1
---
2017/04/06 21:10:44 [error] [exception.CHttpException.404] CHttpException: The system is unable to find the requested action "indexs". in /Users/admin/yii/framework/web/CController.php:483
Stack trace:
#0 /Users/admin/yii/framework/web/CController.php(270): CController->missingAction('indexs')
#1 /Users/admin/yii/framework/web/CWebApplication.php(282): CController->run('indexs')
#2 /Users/admin/yii/framework/web/CWebApplication.php(141): CWebApplication->runController('user/indexs')
#3 /Users/admin/yii/framework/base/CApplication.php(185): CWebApplication->processRequest()
#4 /Users/admin/Documents/WebRoot/myTimesheet/index.php(13): CApplication->run()
#5 {main}
REQUEST_URI=/myTimesheet/index.php/user/indexs
HTTP_REFERER=http://localhost:8888/myTimesheet/index.php/user/view/1
---
2017/04/06 21:10:45 [error] [exception.CHttpException.404] CHttpException: The system is unable to find the requested action "indexs". in /Users/admin/yii/framework/web/CController.php:483
Stack trace:
#0 /Users/admin/yii/framework/web/CController.php(270): CController->missingAction('indexs')
#1 /Users/admin/yii/framework/web/CWebApplication.php(282): CController->run('indexs')
#2 /Users/admin/yii/framework/web/CWebApplication.php(141): CWebApplication->runController('user/indexs')
#3 /Users/admin/yii/framework/base/CApplication.php(185): CWebApplication->processRequest()
#4 /Users/admin/Documents/WebRoot/myTimesheet/index.php(13): CApplication->run()
#5 {main}
REQUEST_URI=/myTimesheet/index.php/user/indexs
HTTP_REFERER=http://localhost:8888/myTimesheet/index.php/user/view/1
---
2017/04/06 21:21:11 [error] [php] Use of undefined constant jobsite - assumed 'jobsite' (/Users/admin/Documents/WebRoot/myTimesheet/protected/views/job/view.php:31)
Stack trace:
#0 /Users/admin/yii/framework/web/CController.php(869): JobController->renderFile()
#1 /Users/admin/yii/framework/web/CController.php(782): JobController->renderPartial()
#2 /Users/admin/Documents/WebRoot/myTimesheet/protected/controllers/JobController.php(55): JobController->render()
#3 unknown(0): JobController->actionView()
#4 /Users/admin/yii/framework/web/actions/CAction.php(109): ReflectionMethod->invokeArgs()
#5 /Users/admin/yii/framework/web/actions/CInlineAction.php(47): CInlineAction->runWithParamsInternal()
#6 /Users/admin/yii/framework/web/CController.php(308): CInlineAction->runWithParams()
#7 /Users/admin/yii/framework/web/filters/CFilterChain.php(133): JobController->runAction()
#8 /Users/admin/yii/framework/web/filters/CFilter.php(40): CFilterChain->run()
#9 /Users/admin/yii/framework/web/CController.php(1145): CAccessControlFilter->filter()
#10 /Users/admin/yii/framework/web/filters/CInlineFilter.php(58): JobController->filterAccessControl()
#11 /Users/admin/yii/framework/web/filters/CFilterChain.php(130): CInlineFilter->filter()
#12 /Users/admin/yii/framework/web/CController.php(291): CFilterChain->run()
#13 /Users/admin/yii/framework/web/CController.php(265): JobController->runActionWithFilters()
#14 /Users/admin/yii/framework/web/CWebApplication.php(282): JobController->run()
#15 /Users/admin/yii/framework/web/CWebApplication.php(141): CWebApplication->runController()
#16 /Users/admin/yii/framework/base/CApplication.php(185): CWebApplication->processRequest()
#17 /Users/admin/Documents/WebRoot/myTimesheet/index.php(13): CWebApplication->run()
REQUEST_URI=/myTimesheet/index.php/job/3
in /Users/admin/Documents/WebRoot/myTimesheet/protected/views/job/view.php (31)
in /Users/admin/Documents/WebRoot/myTimesheet/protected/controllers/JobController.php (55)
in /Users/admin/Documents/WebRoot/myTimesheet/index.php (13)
2017/04/06 21:22:26 [error] [exception.CException] CException: Property "Job.name" is not defined. in /Users/admin/yii/framework/base/CComponent.php:130
Stack trace:
#0 /Users/admin/yii/framework/db/ar/CActiveRecord.php(145): CComponent->__get('name')
#1 /Users/admin/Documents/WebRoot/myTimesheet/protected/views/job/view.php(31): CActiveRecord->__get('name')
#2 /Users/admin/yii/framework/web/CBaseController.php(126): require('/Users/admin/Do...')
#3 /Users/admin/yii/framework/web/CBaseController.php(95): CBaseController->renderInternal('/Users/admin/Do...', Array, true)
#4 /Users/admin/yii/framework/web/CController.php(869): CBaseController->renderFile('/Users/admin/Do...', Array, true)
#5 /Users/admin/yii/framework/web/CController.php(782): CController->renderPartial('view', Array, true)
#6 /Users/admin/Documents/WebRoot/myTimesheet/protected/controllers/JobController.php(55): CController->render('view', Array)
#7 [internal function]: JobController->actionView('3')
#8 /Users/admin/yii/framework/web/actions/CAction.php(109): ReflectionMethod->invokeArgs(Object(JobController), Array)
#9 /Users/admin/yii/framework/web/actions/CInlineAction.php(47): CAction->runWithParamsInternal(Object(JobController), Object(ReflectionMethod), Array)
#10 /Users/admin/yii/framework/web/CController.php(308): CInlineAction->runWithParams(Array)
#11 /Users/admin/yii/framework/web/filters/CFilterChain.php(133): CController->runAction(Object(CInlineAction))
#12 /Users/admin/yii/framework/web/filters/CFilter.php(40): CFilterChain->run()
#13 /Users/admin/yii/framework/web/CController.php(1145): CFilter->filter(Object(CFilterChain))
#14 /Users/admin/yii/framework/web/filters/CInlineFilter.php(58): CController->filterAccessControl(Object(CFilterChain))
#15 /Users/admin/yii/framework/web/filters/CFilterChain.php(130): CInlineFilter->filter(Object(CFilterChain))
#16 /Users/admin/yii/framework/web/CController.php(291): CFilterChain->run()
#17 /Users/admin/yii/framework/web/CController.php(265): CController->runActionWithFilters(Object(CInlineAction), Array)
#18 /Users/admin/yii/framework/web/CWebApplication.php(282): CController->run('view')
#19 /Users/admin/yii/framework/web/CWebApplication.php(141): CWebApplication->runController('job/view')
#20 /Users/admin/yii/framework/base/CApplication.php(185): CWebApplication->processRequest()
#21 /Users/admin/Documents/WebRoot/myTimesheet/index.php(13): CApplication->run()
#22 {main}
REQUEST_URI=/myTimesheet/index.php/job/3
HTTP_REFERER=http://localhost:8888/myTimesheet/index.php/job/index
---
2017/04/06 21:22:27 [error] [exception.CException] CException: Property "Job.name" is not defined. in /Users/admin/yii/framework/base/CComponent.php:130
Stack trace:
#0 /Users/admin/yii/framework/db/ar/CActiveRecord.php(145): CComponent->__get('name')
#1 /Users/admin/Documents/WebRoot/myTimesheet/protected/views/job/view.php(31): CActiveRecord->__get('name')
#2 /Users/admin/yii/framework/web/CBaseController.php(126): require('/Users/admin/Do...')
#3 /Users/admin/yii/framework/web/CBaseController.php(95): CBaseController->renderInternal('/Users/admin/Do...', Array, true)
#4 /Users/admin/yii/framework/web/CController.php(869): CBaseController->renderFile('/Users/admin/Do...', Array, true)
#5 /Users/admin/yii/framework/web/CController.php(782): CController->renderPartial('view', Array, true)
#6 /Users/admin/Documents/WebRoot/myTimesheet/protected/controllers/JobController.php(55): CController->render('view', Array)
#7 [internal function]: JobController->actionView('3')
#8 /Users/admin/yii/framework/web/actions/CAction.php(109): ReflectionMethod->invokeArgs(Object(JobController), Array)
#9 /Users/admin/yii/framework/web/actions/CInlineAction.php(47): CAction->runWithParamsInternal(Object(JobController), Object(ReflectionMethod), Array)
#10 /Users/admin/yii/framework/web/CController.php(308): CInlineAction->runWithParams(Array)
#11 /Users/admin/yii/framework/web/filters/CFilterChain.php(133): CController->runAction(Object(CInlineAction))
#12 /Users/admin/yii/framework/web/filters/CFilter.php(40): CFilterChain->run()
#13 /Users/admin/yii/framework/web/CController.php(1145): CFilter->filter(Object(CFilterChain))
#14 /Users/admin/yii/framework/web/filters/CInlineFilter.php(58): CController->filterAccessControl(Object(CFilterChain))
#15 /Users/admin/yii/framework/web/filters/CFilterChain.php(130): CInlineFilter->filter(Object(CFilterChain))
#16 /Users/admin/yii/framework/web/CController.php(291): CFilterChain->run()
#17 /Users/admin/yii/framework/web/CController.php(265): CController->runActionWithFilters(Object(CInlineAction), Array)
#18 /Users/admin/yii/framework/web/CWebApplication.php(282): CController->run('view')
#19 /Users/admin/yii/framework/web/CWebApplication.php(141): CWebApplication->runController('job/view')
#20 /Users/admin/yii/framework/base/CApplication.php(185): CWebApplication->processRequest()
#21 /Users/admin/Documents/WebRoot/myTimesheet/index.php(13): CApplication->run()
#22 {main}
REQUEST_URI=/myTimesheet/index.php/job/3
HTTP_REFERER=http://localhost:8888/myTimesheet/index.php/job/index
---
2017/04/06 21:22:28 [error] [exception.CException] CException: Property "Job.name" is not defined. in /Users/admin/yii/framework/base/CComponent.php:130
Stack trace:
#0 /Users/admin/yii/framework/db/ar/CActiveRecord.php(145): CComponent->__get('name')
#1 /Users/admin/Documents/WebRoot/myTimesheet/protected/views/job/view.php(31): CActiveRecord->__get('name')
#2 /Users/admin/yii/framework/web/CBaseController.php(126): require('/Users/admin/Do...')
#3 /Users/admin/yii/framework/web/CBaseController.php(95): CBaseController->renderInternal('/Users/admin/Do...', Array, true)
#4 /Users/admin/yii/framework/web/CController.php(869): CBaseController->renderFile('/Users/admin/Do...', Array, true)
#5 /Users/admin/yii/framework/web/CController.php(782): CController->renderPartial('view', Array, true)
#6 /Users/admin/Documents/WebRoot/myTimesheet/protected/controllers/JobController.php(55): CController->render('view', Array)
#7 [internal function]: JobController->actionView('3')
#8 /Users/admin/yii/framework/web/actions/CAction.php(109): ReflectionMethod->invokeArgs(Object(JobController), Array)
#9 /Users/admin/yii/framework/web/actions/CInlineAction.php(47): CAction->runWithParamsInternal(Object(JobController), Object(ReflectionMethod), Array)
#10 /Users/admin/yii/framework/web/CController.php(308): CInlineAction->runWithParams(Array)
#11 /Users/admin/yii/framework/web/filters/CFilterChain.php(133): CController->runAction(Object(CInlineAction))
#12 /Users/admin/yii/framework/web/filters/CFilter.php(40): CFilterChain->run()
#13 /Users/admin/yii/framework/web/CController.php(1145): CFilter->filter(Object(CFilterChain))
#14 /Users/admin/yii/framework/web/filters/CInlineFilter.php(58): CController->filterAccessControl(Object(CFilterChain))
#15 /Users/admin/yii/framework/web/filters/CFilterChain.php(130): CInlineFilter->filter(Object(CFilterChain))
#16 /Users/admin/yii/framework/web/CController.php(291): CFilterChain->run()
#17 /Users/admin/yii/framework/web/CController.php(265): CController->runActionWithFilters(Object(CInlineAction), Array)
#18 /Users/admin/yii/framework/web/CWebApplication.php(282): CController->run('view')
#19 /Users/admin/yii/framework/web/CWebApplication.php(141): CWebApplication->runController('job/view')
#20 /Users/admin/yii/framework/base/CApplication.php(185): CWebApplication->processRequest()
#21 /Users/admin/Documents/WebRoot/myTimesheet/index.php(13): CApplication->run()
#22 {main}
REQUEST_URI=/myTimesheet/index.php/job/3
HTTP_REFERER=http://localhost:8888/myTimesheet/index.php/job/index
---
2017/04/06 21:22:29 [error] [exception.CException] CException: Property "Job.name" is not defined. in /Users/admin/yii/framework/base/CComponent.php:130
Stack trace:
#0 /Users/admin/yii/framework/db/ar/CActiveRecord.php(145): CComponent->__get('name')
#1 /Users/admin/Documents/WebRoot/myTimesheet/protected/views/job/view.php(31): CActiveRecord->__get('name')
#2 /Users/admin/yii/framework/web/CBaseController.php(126): require('/Users/admin/Do...')
#3 /Users/admin/yii/framework/web/CBaseController.php(95): CBaseController->renderInternal('/Users/admin/Do...', Array, true)
#4 /Users/admin/yii/framework/web/CController.php(869): CBaseController->renderFile('/Users/admin/Do...', Array, true)
#5 /Users/admin/yii/framework/web/CController.php(782): CController->renderPartial('view', Array, true)
#6 /Users/admin/Documents/WebRoot/myTimesheet/protected/controllers/JobController.php(55): CController->render('view', Array)
#7 [internal function]: JobController->actionView('3')
#8 /Users/admin/yii/framework/web/actions/CAction.php(109): ReflectionMethod->invokeArgs(Object(JobController), Array)
#9 /Users/admin/yii/framework/web/actions/CInlineAction.php(47): CAction->runWithParamsInternal(Object(JobController), Object(ReflectionMethod), Array)
#10 /Users/admin/yii/framework/web/CController.php(308): CInlineAction->runWithParams(Array)
#11 /Users/admin/yii/framework/web/filters/CFilterChain.php(133): CController->runAction(Object(CInlineAction))
#12 /Users/admin/yii/framework/web/filters/CFilter.php(40): CFilterChain->run()
#13 /Users/admin/yii/framework/web/CController.php(1145): CFilter->filter(Object(CFilterChain))
#14 /Users/admin/yii/framework/web/filters/CInlineFilter.php(58): CController->filterAccessControl(Object(CFilterChain))
#15 /Users/admin/yii/framework/web/filters/CFilterChain.php(130): CInlineFilter->filter(Object(CFilterChain))
#16 /Users/admin/yii/framework/web/CController.php(291): CFilterChain->run()
#17 /Users/admin/yii/framework/web/CController.php(265): CController->runActionWithFilters(Object(CInlineAction), Array)
#18 /Users/admin/yii/framework/web/CWebApplication.php(282): CController->run('view')
#19 /Users/admin/yii/framework/web/CWebApplication.php(141): CWebApplication->runController('job/view')
#20 /Users/admin/yii/framework/base/CApplication.php(185): CWebApplication->processRequest()
#21 /Users/admin/Documents/WebRoot/myTimesheet/index.php(13): CApplication->run()
#22 {main}
REQUEST_URI=/myTimesheet/index.php/job/3
HTTP_REFERER=http://localhost:8888/myTimesheet/index.php/job/index
---
2017/04/06 21:22:30 [error] [exception.CException] CException: Property "Job.name" is not defined. in /Users/admin/yii/framework/base/CComponent.php:130
Stack trace:
#0 /Users/admin/yii/framework/db/ar/CActiveRecord.php(145): CComponent->__get('name')
#1 /Users/admin/Documents/WebRoot/myTimesheet/protected/views/job/view.php(31): CActiveRecord->__get('name')
#2 /Users/admin/yii/framework/web/CBaseController.php(126): require('/Users/admin/Do...')
#3 /Users/admin/yii/framework/web/CBaseController.php(95): CBaseController->renderInternal('/Users/admin/Do...', Array, true)
#4 /Users/admin/yii/framework/web/CController.php(869): CBaseController->renderFile('/Users/admin/Do...', Array, true)
#5 /Users/admin/yii/framework/web/CController.php(782): CController->renderPartial('view', Array, true)
#6 /Users/admin/Documents/WebRoot/myTimesheet/protected/controllers/JobController.php(55): CController->render('view', Array)
#7 [internal function]: JobController->actionView('3')
#8 /Users/admin/yii/framework/web/actions/CAction.php(109): ReflectionMethod->invokeArgs(Object(JobController), Array)
#9 /Users/admin/yii/framework/web/actions/CInlineAction.php(47): CAction->runWithParamsInternal(Object(JobController), Object(ReflectionMethod), Array)
#10 /Users/admin/yii/framework/web/CController.php(308): CInlineAction->runWithParams(Array)
#11 /Users/admin/yii/framework/web/filters/CFilterChain.php(133): CController->runAction(Object(CInlineAction))
#12 /Users/admin/yii/framework/web/filters/CFilter.php(40): CFilterChain->run()
#13 /Users/admin/yii/framework/web/CController.php(1145): CFilter->filter(Object(CFilterChain))
#14 /Users/admin/yii/framework/web/filters/CInlineFilter.php(58): CController->filterAccessControl(Object(CFilterChain))
#15 /Users/admin/yii/framework/web/filters/CFilterChain.php(130): CInlineFilter->filter(Object(CFilterChain))
#16 /Users/admin/yii/framework/web/CController.php(291): CFilterChain->run()
#17 /Users/admin/yii/framework/web/CController.php(265): CController->runActionWithFilters(Object(CInlineAction), Array)
#18 /Users/admin/yii/framework/web/CWebApplication.php(282): CController->run('view')
#19 /Users/admin/yii/framework/web/CWebApplication.php(141): CWebApplication->runController('job/view')
#20 /Users/admin/yii/framework/base/CApplication.php(185): CWebApplication->processRequest()
#21 /Users/admin/Documents/WebRoot/myTimesheet/index.php(13): CApplication->run()
#22 {main}
REQUEST_URI=/myTimesheet/index.php/job/3
HTTP_REFERER=http://localhost:8888/myTimesheet/index.php/job/index
---
2017/04/06 21:45:52 [error] [php] include(CJuiDateTimePicker.php): failed to open stream: No such file or directory (/Users/admin/yii/framework/YiiBase.php:432)
Stack trace:
#0 unknown(0): spl_autoload_call()
#1 /Users/admin/yii/framework/YiiBase.php(303): class_exists()
#2 /Users/admin/yii/framework/web/CWidgetFactory.php(146): import()
#3 /Users/admin/yii/framework/web/CBaseController.php(146): CWidgetFactory->createWidget()
#4 /Users/admin/yii/framework/web/CBaseController.php(180): JobController->createWidget()
#5 /Users/admin/Documents/WebRoot/myTimesheet/protected/views/job/_form.php(39): JobController->widget()
#6 /Users/admin/yii/framework/web/CBaseController.php(126): require()
#7 /Users/admin/yii/framework/web/CBaseController.php(95): JobController->renderInternal()
#8 /Users/admin/yii/framework/web/CController.php(869): JobController->renderFile()
#9 /Users/admin/Documents/WebRoot/myTimesheet/protected/views/job/create.php(18): JobController->renderPartial()
#10 /Users/admin/yii/framework/web/CBaseController.php(126): require()
#11 /Users/admin/yii/framework/web/CBaseController.php(95): JobController->renderInternal()
#12 /Users/admin/yii/framework/web/CController.php(869): JobController->renderFile()
#13 /Users/admin/yii/framework/web/CController.php(782): JobController->renderPartial()
#14 /Users/admin/Documents/WebRoot/myTimesheet/protected/controllers/JobController.php(78): JobController->render()
#15 /Users/admin/yii/framework/web/actions/CInlineAction.php(49): JobController->actionCreate()
#16 /Users/admin/yii/framework/web/CController.php(308): CInlineAction->runWithParams()
#17 /Users/admin/yii/framework/web/filters/CFilterChain.php(133): JobController->runAction()
#18 /Users/admin/yii/framework/web/filters/CFilter.php(40): CFilterChain->run()
#19 /Users/admin/yii/framework/web/CController.php(1145): CAccessControlFilter->filter()
#20 /Users/admin/yii/framework/web/filters/CInlineFilter.php(58): JobController->filterAccessControl()
#21 /Users/admin/yii/framework/web/filters/CFilterChain.php(130): CInlineFilter->filter()
#22 /Users/admin/yii/framework/web/CController.php(291): CFilterChain->run()
#23 /Users/admin/yii/framework/web/CController.php(265): JobController->runActionWithFilters()
#24 /Users/admin/yii/framework/web/CWebApplication.php(282): JobController->run()
#25 /Users/admin/yii/framework/web/CWebApplication.php(141): CWebApplication->runController()
#26 /Users/admin/yii/framework/base/CApplication.php(185): CWebApplication->processRequest()
#27 /Users/admin/Documents/WebRoot/myTimesheet/index.php(13): CWebApplication->run()
REQUEST_URI=/myTimesheet/index.php/job/create
in /Users/admin/Documents/WebRoot/myTimesheet/protected/views/job/_form.php (39)
in /Users/admin/Documents/WebRoot/myTimesheet/protected/views/job/create.php (18)
in /Users/admin/Documents/WebRoot/myTimesheet/protected/controllers/JobController.php (78)
2017/04/06 21:45:54 [error] [php] include(CJuiDateTimePicker.php): failed to open stream: No such file or directory (/Users/admin/yii/framework/YiiBase.php:432)
Stack trace:
#0 unknown(0): spl_autoload_call()
#1 /Users/admin/yii/framework/YiiBase.php(303): class_exists()
#2 /Users/admin/yii/framework/web/CWidgetFactory.php(146): import()
#3 /Users/admin/yii/framework/web/CBaseController.php(146): CWidgetFactory->createWidget()
#4 /Users/admin/yii/framework/web/CBaseController.php(180): JobController->createWidget()
#5 /Users/admin/Documents/WebRoot/myTimesheet/protected/views/job/_form.php(39): JobController->widget()
#6 /Users/admin/yii/framework/web/CBaseController.php(126): require()
#7 /Users/admin/yii/framework/web/CBaseController.php(95): JobController->renderInternal()
#8 /Users/admin/yii/framework/web/CController.php(869): JobController->renderFile()
#9 /Users/admin/Documents/WebRoot/myTimesheet/protected/views/job/create.php(18): JobController->renderPartial()
#10 /Users/admin/yii/framework/web/CBaseController.php(126): require()
#11 /Users/admin/yii/framework/web/CBaseController.php(95): JobController->renderInternal()
#12 /Users/admin/yii/framework/web/CController.php(869): JobController->renderFile()
#13 /Users/admin/yii/framework/web/CController.php(782): JobController->renderPartial()
#14 /Users/admin/Documents/WebRoot/myTimesheet/protected/controllers/JobController.php(78): JobController->render()
#15 /Users/admin/yii/framework/web/actions/CInlineAction.php(49): JobController->actionCreate()
#16 /Users/admin/yii/framework/web/CController.php(308): CInlineAction->runWithParams()
#17 /Users/admin/yii/framework/web/filters/CFilterChain.php(133): JobController->runAction()
#18 /Users/admin/yii/framework/web/filters/CFilter.php(40): CFilterChain->run()
#19 /Users/admin/yii/framework/web/CController.php(1145): CAccessControlFilter->filter()
#20 /Users/admin/yii/framework/web/filters/CInlineFilter.php(58): JobController->filterAccessControl()
#21 /Users/admin/yii/framework/web/filters/CFilterChain.php(130): CInlineFilter->filter()
#22 /Users/admin/yii/framework/web/CController.php(291): CFilterChain->run()
#23 /Users/admin/yii/framework/web/CController.php(265): JobController->runActionWithFilters()
#24 /Users/admin/yii/framework/web/CWebApplication.php(282): JobController->run()
#25 /Users/admin/yii/framework/web/CWebApplication.php(141): CWebApplication->runController()
#26 /Users/admin/yii/framework/base/CApplication.php(185): CWebApplication->processRequest()
#27 /Users/admin/Documents/WebRoot/myTimesheet/index.php(13): CWebApplication->run()
REQUEST_URI=/myTimesheet/index.php/job/create
in /Users/admin/Documents/WebRoot/myTimesheet/protected/views/job/_form.php (39)
in /Users/admin/Documents/WebRoot/myTimesheet/protected/views/job/create.php (18)
in /Users/admin/Documents/WebRoot/myTimesheet/protected/controllers/JobController.php (78)
2017/04/06 21:46:09 [error] [php] include(CJuiTimePicker.php): failed to open stream: No such file or directory (/Users/admin/yii/framework/YiiBase.php:432)
Stack trace:
#0 unknown(0): spl_autoload_call()
#1 /Users/admin/yii/framework/YiiBase.php(303): class_exists()
#2 /Users/admin/yii/framework/web/CWidgetFactory.php(146): import()
#3 /Users/admin/yii/framework/web/CBaseController.php(146): CWidgetFactory->createWidget()
#4 /Users/admin/yii/framework/web/CBaseController.php(180): JobController->createWidget()
#5 /Users/admin/Documents/WebRoot/myTimesheet/protected/views/job/_form.php(39): JobController->widget()
#6 /Users/admin/yii/framework/web/CBaseController.php(126): require()
#7 /Users/admin/yii/framework/web/CBaseController.php(95): JobController->renderInternal()
#8 /Users/admin/yii/framework/web/CController.php(869): JobController->renderFile()
#9 /Users/admin/Documents/WebRoot/myTimesheet/protected/views/job/create.php(18): JobController->renderPartial()
#10 /Users/admin/yii/framework/web/CBaseController.php(126): require()
#11 /Users/admin/yii/framework/web/CBaseController.php(95): JobController->renderInternal()
#12 /Users/admin/yii/framework/web/CController.php(869): JobController->renderFile()
#13 /Users/admin/yii/framework/web/CController.php(782): JobController->renderPartial()
#14 /Users/admin/Documents/WebRoot/myTimesheet/protected/controllers/JobController.php(78): JobController->render()
#15 /Users/admin/yii/framework/web/actions/CInlineAction.php(49): JobController->actionCreate()
#16 /Users/admin/yii/framework/web/CController.php(308): CInlineAction->runWithParams()
#17 /Users/admin/yii/framework/web/filters/CFilterChain.php(133): JobController->runAction()
#18 /Users/admin/yii/framework/web/filters/CFilter.php(40): CFilterChain->run()
#19 /Users/admin/yii/framework/web/CController.php(1145): CAccessControlFilter->filter()
#20 /Users/admin/yii/framework/web/filters/CInlineFilter.php(58): JobController->filterAccessControl()
#21 /Users/admin/yii/framework/web/filters/CFilterChain.php(130): CInlineFilter->filter()
#22 /Users/admin/yii/framework/web/CController.php(291): CFilterChain->run()
#23 /Users/admin/yii/framework/web/CController.php(265): JobController->runActionWithFilters()
#24 /Users/admin/yii/framework/web/CWebApplication.php(282): JobController->run()
#25 /Users/admin/yii/framework/web/CWebApplication.php(141): CWebApplication->runController()
#26 /Users/admin/yii/framework/base/CApplication.php(185): CWebApplication->processRequest()
#27 /Users/admin/Documents/WebRoot/myTimesheet/index.php(13): CWebApplication->run()
REQUEST_URI=/myTimesheet/index.php/job/create
in /Users/admin/Documents/WebRoot/myTimesheet/protected/views/job/_form.php (39)
in /Users/admin/Documents/WebRoot/myTimesheet/protected/views/job/create.php (18)
in /Users/admin/Documents/WebRoot/myTimesheet/protected/controllers/JobController.php (78)
2017/04/06 21:46:10 [error] [php] include(CJuiTimePicker.php): failed to open stream: No such file or directory (/Users/admin/yii/framework/YiiBase.php:432)
Stack trace:
#0 unknown(0): spl_autoload_call()
#1 /Users/admin/yii/framework/YiiBase.php(303): class_exists()
#2 /Users/admin/yii/framework/web/CWidgetFactory.php(146): import()
#3 /Users/admin/yii/framework/web/CBaseController.php(146): CWidgetFactory->createWidget()
#4 /Users/admin/yii/framework/web/CBaseController.php(180): JobController->createWidget()
#5 /Users/admin/Documents/WebRoot/myTimesheet/protected/views/job/_form.php(39): JobController->widget()
#6 /Users/admin/yii/framework/web/CBaseController.php(126): require()
#7 /Users/admin/yii/framework/web/CBaseController.php(95): JobController->renderInternal()
#8 /Users/admin/yii/framework/web/CController.php(869): JobController->renderFile()
#9 /Users/admin/Documents/WebRoot/myTimesheet/protected/views/job/create.php(18): JobController->renderPartial()
#10 /Users/admin/yii/framework/web/CBaseController.php(126): require()
#11 /Users/admin/yii/framework/web/CBaseController.php(95): JobController->renderInternal()
#12 /Users/admin/yii/framework/web/CController.php(869): JobController->renderFile()
#13 /Users/admin/yii/framework/web/CController.php(782): JobController->renderPartial()
#14 /Users/admin/Documents/WebRoot/myTimesheet/protected/controllers/JobController.php(78): JobController->render()
#15 /Users/admin/yii/framework/web/actions/CInlineAction.php(49): JobController->actionCreate()
#16 /Users/admin/yii/framework/web/CController.php(308): CInlineAction->runWithParams()
#17 /Users/admin/yii/framework/web/filters/CFilterChain.php(133): JobController->runAction()
#18 /Users/admin/yii/framework/web/filters/CFilter.php(40): CFilterChain->run()
#19 /Users/admin/yii/framework/web/CController.php(1145): CAccessControlFilter->filter()
#20 /Users/admin/yii/framework/web/filters/CInlineFilter.php(58): JobController->filterAccessControl()
#21 /Users/admin/yii/framework/web/filters/CFilterChain.php(130): CInlineFilter->filter()
#22 /Users/admin/yii/framework/web/CController.php(291): CFilterChain->run()
#23 /Users/admin/yii/framework/web/CController.php(265): JobController->runActionWithFilters()
#24 /Users/admin/yii/framework/web/CWebApplication.php(282): JobController->run()
#25 /Users/admin/yii/framework/web/CWebApplication.php(141): CWebApplication->runController()
#26 /Users/admin/yii/framework/base/CApplication.php(185): CWebApplication->processRequest()
#27 /Users/admin/Documents/WebRoot/myTimesheet/index.php(13): CWebApplication->run()
REQUEST_URI=/myTimesheet/index.php/job/create
in /Users/admin/Documents/WebRoot/myTimesheet/protected/views/job/_form.php (39)
in /Users/admin/Documents/WebRoot/myTimesheet/protected/views/job/create.php (18)
in /Users/admin/Documents/WebRoot/myTimesheet/protected/controllers/JobController.php (78)
2017/04/06 21:46:11 [error] [php] include(CJuiTimePicker.php): failed to open stream: No such file or directory (/Users/admin/yii/framework/YiiBase.php:432)
Stack trace:
#0 unknown(0): spl_autoload_call()
#1 /Users/admin/yii/framework/YiiBase.php(303): class_exists()
#2 /Users/admin/yii/framework/web/CWidgetFactory.php(146): import()
#3 /Users/admin/yii/framework/web/CBaseController.php(146): CWidgetFactory->createWidget()
#4 /Users/admin/yii/framework/web/CBaseController.php(180): JobController->createWidget()
#5 /Users/admin/Documents/WebRoot/myTimesheet/protected/views/job/_form.php(39): JobController->widget()
#6 /Users/admin/yii/framework/web/CBaseController.php(126): require()
#7 /Users/admin/yii/framework/web/CBaseController.php(95): JobController->renderInternal()
#8 /Users/admin/yii/framework/web/CController.php(869): JobController->renderFile()
#9 /Users/admin/Documents/WebRoot/myTimesheet/protected/views/job/create.php(18): JobController->renderPartial()
#10 /Users/admin/yii/framework/web/CBaseController.php(126): require()
#11 /Users/admin/yii/framework/web/CBaseController.php(95): JobController->renderInternal()
#12 /Users/admin/yii/framework/web/CController.php(869): JobController->renderFile()
#13 /Users/admin/yii/framework/web/CController.php(782): JobController->renderPartial()
#14 /Users/admin/Documents/WebRoot/myTimesheet/protected/controllers/JobController.php(78): JobController->render()
#15 /Users/admin/yii/framework/web/actions/CInlineAction.php(49): JobController->actionCreate()
#16 /Users/admin/yii/framework/web/CController.php(308): CInlineAction->runWithParams()
#17 /Users/admin/yii/framework/web/filters/CFilterChain.php(133): JobController->runAction()
#18 /Users/admin/yii/framework/web/filters/CFilter.php(40): CFilterChain->run()
#19 /Users/admin/yii/framework/web/CController.php(1145): CAccessControlFilter->filter()
#20 /Users/admin/yii/framework/web/filters/CInlineFilter.php(58): JobController->filterAccessControl()
#21 /Users/admin/yii/framework/web/filters/CFilterChain.php(130): CInlineFilter->filter()
#22 /Users/admin/yii/framework/web/CController.php(291): CFilterChain->run()
#23 /Users/admin/yii/framework/web/CController.php(265): JobController->runActionWithFilters()
#24 /Users/admin/yii/framework/web/CWebApplication.php(282): JobController->run()
#25 /Users/admin/yii/framework/web/CWebApplication.php(141): CWebApplication->runController()
#26 /Users/admin/yii/framework/base/CApplication.php(185): CWebApplication->processRequest()
#27 /Users/admin/Documents/WebRoot/myTimesheet/index.php(13): CWebApplication->run()
REQUEST_URI=/myTimesheet/index.php/job/create
in /Users/admin/Documents/WebRoot/myTimesheet/protected/views/job/_form.php (39)
in /Users/admin/Documents/WebRoot/myTimesheet/protected/views/job/create.php (18)
in /Users/admin/Documents/WebRoot/myTimesheet/protected/controllers/JobController.php (78)
2017/04/06 21:46:45 [error] [php] include(CJuiDatePicker.php): failed to open stream: No such file or directory (/Users/admin/yii/framework/YiiBase.php:432)
Stack trace:
#0 unknown(0): spl_autoload_call()
#1 /Users/admin/yii/framework/YiiBase.php(303): class_exists()
#2 /Users/admin/yii/framework/web/CWidgetFactory.php(146): import()
#3 /Users/admin/yii/framework/web/CBaseController.php(146): CWidgetFactory->createWidget()
#4 /Users/admin/yii/framework/web/CBaseController.php(180): JobController->createWidget()
#5 /Users/admin/Documents/WebRoot/myTimesheet/protected/views/job/_form.php(39): JobController->widget()
#6 /Users/admin/yii/framework/web/CBaseController.php(126): require()
#7 /Users/admin/yii/framework/web/CBaseController.php(95): JobController->renderInternal()
#8 /Users/admin/yii/framework/web/CController.php(869): JobController->renderFile()
#9 /Users/admin/Documents/WebRoot/myTimesheet/protected/views/job/create.php(18): JobController->renderPartial()
#10 /Users/admin/yii/framework/web/CBaseController.php(126): require()
#11 /Users/admin/yii/framework/web/CBaseController.php(95): JobController->renderInternal()
#12 /Users/admin/yii/framework/web/CController.php(869): JobController->renderFile()
#13 /Users/admin/yii/framework/web/CController.php(782): JobController->renderPartial()
#14 /Users/admin/Documents/WebRoot/myTimesheet/protected/controllers/JobController.php(78): JobController->render()
#15 /Users/admin/yii/framework/web/actions/CInlineAction.php(49): JobController->actionCreate()
#16 /Users/admin/yii/framework/web/CController.php(308): CInlineAction->runWithParams()
#17 /Users/admin/yii/framework/web/filters/CFilterChain.php(133): JobController->runAction()
#18 /Users/admin/yii/framework/web/filters/CFilter.php(40): CFilterChain->run()
#19 /Users/admin/yii/framework/web/CController.php(1145): CAccessControlFilter->filter()
#20 /Users/admin/yii/framework/web/filters/CInlineFilter.php(58): JobController->filterAccessControl()
#21 /Users/admin/yii/framework/web/filters/CFilterChain.php(130): CInlineFilter->filter()
#22 /Users/admin/yii/framework/web/CController.php(291): CFilterChain->run()
#23 /Users/admin/yii/framework/web/CController.php(265): JobController->runActionWithFilters()
#24 /Users/admin/yii/framework/web/CWebApplication.php(282): JobController->run()
#25 /Users/admin/yii/framework/web/CWebApplication.php(141): CWebApplication->runController()
#26 /Users/admin/yii/framework/base/CApplication.php(185): CWebApplication->processRequest()
#27 /Users/admin/Documents/WebRoot/myTimesheet/index.php(13): CWebApplication->run()
REQUEST_URI=/myTimesheet/index.php/job/create
in /Users/admin/Documents/WebRoot/myTimesheet/protected/views/job/_form.php (39)
in /Users/admin/Documents/WebRoot/myTimesheet/protected/views/job/create.php (18)
in /Users/admin/Documents/WebRoot/myTimesheet/protected/controllers/JobController.php (78)
2017/04/06 21:46:46 [error] [php] include(CJuiDatePicker.php): failed to open stream: No such file or directory (/Users/admin/yii/framework/YiiBase.php:432)
Stack trace:
#0 unknown(0): spl_autoload_call()
#1 /Users/admin/yii/framework/YiiBase.php(303): class_exists()
#2 /Users/admin/yii/framework/web/CWidgetFactory.php(146): import()
#3 /Users/admin/yii/framework/web/CBaseController.php(146): CWidgetFactory->createWidget()
#4 /Users/admin/yii/framework/web/CBaseController.php(180): JobController->createWidget()
#5 /Users/admin/Documents/WebRoot/myTimesheet/protected/views/job/_form.php(39): JobController->widget()
#6 /Users/admin/yii/framework/web/CBaseController.php(126): require()
#7 /Users/admin/yii/framework/web/CBaseController.php(95): JobController->renderInternal()
#8 /Users/admin/yii/framework/web/CController.php(869): JobController->renderFile()
#9 /Users/admin/Documents/WebRoot/myTimesheet/protected/views/job/create.php(18): JobController->renderPartial()
#10 /Users/admin/yii/framework/web/CBaseController.php(126): require()
#11 /Users/admin/yii/framework/web/CBaseController.php(95): JobController->renderInternal()
#12 /Users/admin/yii/framework/web/CController.php(869): JobController->renderFile()
#13 /Users/admin/yii/framework/web/CController.php(782): JobController->renderPartial()
#14 /Users/admin/Documents/WebRoot/myTimesheet/protected/controllers/JobController.php(78): JobController->render()
#15 /Users/admin/yii/framework/web/actions/CInlineAction.php(49): JobController->actionCreate()
#16 /Users/admin/yii/framework/web/CController.php(308): CInlineAction->runWithParams()
#17 /Users/admin/yii/framework/web/filters/CFilterChain.php(133): JobController->runAction()
#18 /Users/admin/yii/framework/web/filters/CFilter.php(40): CFilterChain->run()
#19 /Users/admin/yii/framework/web/CController.php(1145): CAccessControlFilter->filter()
#20 /Users/admin/yii/framework/web/filters/CInlineFilter.php(58): JobController->filterAccessControl()
#21 /Users/admin/yii/framework/web/filters/CFilterChain.php(130): CInlineFilter->filter()
#22 /Users/admin/yii/framework/web/CController.php(291): CFilterChain->run()
#23 /Users/admin/yii/framework/web/CController.php(265): JobController->runActionWithFilters()
#24 /Users/admin/yii/framework/web/CWebApplication.php(282): JobController->run()
#25 /Users/admin/yii/framework/web/CWebApplication.php(141): CWebApplication->runController()
#26 /Users/admin/yii/framework/base/CApplication.php(185): CWebApplication->processRequest()
#27 /Users/admin/Documents/WebRoot/myTimesheet/index.php(13): CWebApplication->run()
REQUEST_URI=/myTimesheet/index.php/job/create
in /Users/admin/Documents/WebRoot/myTimesheet/protected/views/job/_form.php (39)
in /Users/admin/Documents/WebRoot/myTimesheet/protected/views/job/create.php (18)
in /Users/admin/Documents/WebRoot/myTimesheet/protected/controllers/JobController.php (78)
2017/04/06 21:46:47 [error] [php] include(CJuiDatePicker.php): failed to open stream: No such file or directory (/Users/admin/yii/framework/YiiBase.php:432)
Stack trace:
#0 unknown(0): spl_autoload_call()
#1 /Users/admin/yii/framework/YiiBase.php(303): class_exists()
#2 /Users/admin/yii/framework/web/CWidgetFactory.php(146): import()
#3 /Users/admin/yii/framework/web/CBaseController.php(146): CWidgetFactory->createWidget()
#4 /Users/admin/yii/framework/web/CBaseController.php(180): JobController->createWidget()
#5 /Users/admin/Documents/WebRoot/myTimesheet/protected/views/job/_form.php(39): JobController->widget()
#6 /Users/admin/yii/framework/web/CBaseController.php(126): require()
#7 /Users/admin/yii/framework/web/CBaseController.php(95): JobController->renderInternal()
#8 /Users/admin/yii/framework/web/CController.php(869): JobController->renderFile()
#9 /Users/admin/Documents/WebRoot/myTimesheet/protected/views/job/create.php(18): JobController->renderPartial()
#10 /Users/admin/yii/framework/web/CBaseController.php(126): require()
#11 /Users/admin/yii/framework/web/CBaseController.php(95): JobController->renderInternal()
#12 /Users/admin/yii/framework/web/CController.php(869): JobController->renderFile()
#13 /Users/admin/yii/framework/web/CController.php(782): JobController->renderPartial()
#14 /Users/admin/Documents/WebRoot/myTimesheet/protected/controllers/JobController.php(78): JobController->render()
#15 /Users/admin/yii/framework/web/actions/CInlineAction.php(49): JobController->actionCreate()
#16 /Users/admin/yii/framework/web/CController.php(308): CInlineAction->runWithParams()
#17 /Users/admin/yii/framework/web/filters/CFilterChain.php(133): JobController->runAction()
#18 /Users/admin/yii/framework/web/filters/CFilter.php(40): CFilterChain->run()
#19 /Users/admin/yii/framework/web/CController.php(1145): CAccessControlFilter->filter()
#20 /Users/admin/yii/framework/web/filters/CInlineFilter.php(58): JobController->filterAccessControl()
#21 /Users/admin/yii/framework/web/filters/CFilterChain.php(130): CInlineFilter->filter()
#22 /Users/admin/yii/framework/web/CController.php(291): CFilterChain->run()
#23 /Users/admin/yii/framework/web/CController.php(265): JobController->runActionWithFilters()
#24 /Users/admin/yii/framework/web/CWebApplication.php(282): JobController->run()
#25 /Users/admin/yii/framework/web/CWebApplication.php(141): CWebApplication->runController()
#26 /Users/admin/yii/framework/base/CApplication.php(185): CWebApplication->processRequest()
#27 /Users/admin/Documents/WebRoot/myTimesheet/index.php(13): CWebApplication->run()
REQUEST_URI=/myTimesheet/index.php/job/create
in /Users/admin/Documents/WebRoot/myTimesheet/protected/views/job/_form.php (39)
in /Users/admin/Documents/WebRoot/myTimesheet/protected/views/job/create.php (18)
in /Users/admin/Documents/WebRoot/myTimesheet/protected/controllers/JobController.php (78)
2017/04/06 21:47:49 [error] [php] include(/Users/admin/Documents/WebRoot/myTimesheet/protected/extensions/CJuiDateTimePicker/CJuiDateTimePicker.php): failed to open stream: No such file or directory (/Users/admin/yii/framework/YiiBase.php:404)
Stack trace:
#0 /Users/admin/yii/framework/web/CWidgetFactory.php(146): import()
#1 /Users/admin/yii/framework/web/CBaseController.php(146): CWidgetFactory->createWidget()
#2 /Users/admin/yii/framework/web/CBaseController.php(180): JobController->createWidget()
#3 /Users/admin/Documents/WebRoot/myTimesheet/protected/views/job/_form.php(40): JobController->widget()
#4 /Users/admin/yii/framework/web/CBaseController.php(126): require()
#5 /Users/admin/yii/framework/web/CBaseController.php(95): JobController->renderInternal()
#6 /Users/admin/yii/framework/web/CController.php(869): JobController->renderFile()
#7 /Users/admin/Documents/WebRoot/myTimesheet/protected/views/job/create.php(18): JobController->renderPartial()
#8 /Users/admin/yii/framework/web/CBaseController.php(126): require()
#9 /Users/admin/yii/framework/web/CBaseController.php(95): JobController->renderInternal()
#10 /Users/admin/yii/framework/web/CController.php(869): JobController->renderFile()
#11 /Users/admin/yii/framework/web/CController.php(782): JobController->renderPartial()
#12 /Users/admin/Documents/WebRoot/myTimesheet/protected/controllers/JobController.php(78): JobController->render()
#13 /Users/admin/yii/framework/web/actions/CInlineAction.php(49): JobController->actionCreate()
#14 /Users/admin/yii/framework/web/CController.php(308): CInlineAction->runWithParams()
#15 /Users/admin/yii/framework/web/filters/CFilterChain.php(133): JobController->runAction()
#16 /Users/admin/yii/framework/web/filters/CFilter.php(40): CFilterChain->run()
#17 /Users/admin/yii/framework/web/CController.php(1145): CAccessControlFilter->filter()
#18 /Users/admin/yii/framework/web/filters/CInlineFilter.php(58): JobController->filterAccessControl()
#19 /Users/admin/yii/framework/web/filters/CFilterChain.php(130): CInlineFilter->filter()
#20 /Users/admin/yii/framework/web/CController.php(291): CFilterChain->run()
#21 /Users/admin/yii/framework/web/CController.php(265): JobController->runActionWithFilters()
#22 /Users/admin/yii/framework/web/CWebApplication.php(282): JobController->run()
#23 /Users/admin/yii/framework/web/CWebApplication.php(141): CWebApplication->runController()
#24 /Users/admin/yii/framework/base/CApplication.php(185): CWebApplication->processRequest()
#25 /Users/admin/Documents/WebRoot/myTimesheet/index.php(13): CWebApplication->run()
REQUEST_URI=/myTimesheet/index.php/job/create
in /Users/admin/Documents/WebRoot/myTimesheet/protected/views/job/_form.php (40)
in /Users/admin/Documents/WebRoot/myTimesheet/protected/views/job/create.php (18)
in /Users/admin/Documents/WebRoot/myTimesheet/protected/controllers/JobController.php (78)
2017/04/06 21:47:50 [error] [php] include(/Users/admin/Documents/WebRoot/myTimesheet/protected/extensions/CJuiDateTimePicker/CJuiDateTimePicker.php): failed to open stream: No such file or directory (/Users/admin/yii/framework/YiiBase.php:404)
Stack trace:
#0 /Users/admin/yii/framework/web/CWidgetFactory.php(146): import()
#1 /Users/admin/yii/framework/web/CBaseController.php(146): CWidgetFactory->createWidget()
#2 /Users/admin/yii/framework/web/CBaseController.php(180): JobController->createWidget()
#3 /Users/admin/Documents/WebRoot/myTimesheet/protected/views/job/_form.php(40): JobController->widget()
#4 /Users/admin/yii/framework/web/CBaseController.php(126): require()
#5 /Users/admin/yii/framework/web/CBaseController.php(95): JobController->renderInternal()
#6 /Users/admin/yii/framework/web/CController.php(869): JobController->renderFile()
#7 /Users/admin/Documents/WebRoot/myTimesheet/protected/views/job/create.php(18): JobController->renderPartial()
#8 /Users/admin/yii/framework/web/CBaseController.php(126): require()
#9 /Users/admin/yii/framework/web/CBaseController.php(95): JobController->renderInternal()
#10 /Users/admin/yii/framework/web/CController.php(869): JobController->renderFile()
#11 /Users/admin/yii/framework/web/CController.php(782): JobController->renderPartial()
#12 /Users/admin/Documents/WebRoot/myTimesheet/protected/controllers/JobController.php(78): JobController->render()
#13 /Users/admin/yii/framework/web/actions/CInlineAction.php(49): JobController->actionCreate()
#14 /Users/admin/yii/framework/web/CController.php(308): CInlineAction->runWithParams()
#15 /Users/admin/yii/framework/web/filters/CFilterChain.php(133): JobController->runAction()
#16 /Users/admin/yii/framework/web/filters/CFilter.php(40): CFilterChain->run()
#17 /Users/admin/yii/framework/web/CController.php(1145): CAccessControlFilter->filter()
#18 /Users/admin/yii/framework/web/filters/CInlineFilter.php(58): JobController->filterAccessControl()
#19 /Users/admin/yii/framework/web/filters/CFilterChain.php(130): CInlineFilter->filter()
#20 /Users/admin/yii/framework/web/CController.php(291): CFilterChain->run()
#21 /Users/admin/yii/framework/web/CController.php(265): JobController->runActionWithFilters()
#22 /Users/admin/yii/framework/web/CWebApplication.php(282): JobController->run()
#23 /Users/admin/yii/framework/web/CWebApplication.php(141): CWebApplication->runController()
#24 /Users/admin/yii/framework/base/CApplication.php(185): CWebApplication->processRequest()
#25 /Users/admin/Documents/WebRoot/myTimesheet/index.php(13): CWebApplication->run()
REQUEST_URI=/myTimesheet/index.php/job/create
in /Users/admin/Documents/WebRoot/myTimesheet/protected/views/job/_form.php (40)
in /Users/admin/Documents/WebRoot/myTimesheet/protected/views/job/create.php (18)
in /Users/admin/Documents/WebRoot/myTimesheet/protected/controllers/JobController.php (78)
2017/04/06 21:52:26 [error] [php] include(/Users/admin/Documents/WebRoot/myTimesheet/protected/extensions/CJuiDateTimePicker/CJuiDateTimePicker.php): failed to open stream: No such file or directory (/Users/admin/yii/framework/YiiBase.php:404)
Stack trace:
#0 /Users/admin/yii/framework/web/CWidgetFactory.php(146): import()
#1 /Users/admin/yii/framework/web/CBaseController.php(146): CWidgetFactory->createWidget()
#2 /Users/admin/yii/framework/web/CBaseController.php(180): JobController->createWidget()
#3 /Users/admin/Documents/WebRoot/myTimesheet/protected/views/job/_form.php(40): JobController->widget()
#4 /Users/admin/yii/framework/web/CBaseController.php(126): require()
#5 /Users/admin/yii/framework/web/CBaseController.php(95): JobController->renderInternal()
#6 /Users/admin/yii/framework/web/CController.php(869): JobController->renderFile()
#7 /Users/admin/Documents/WebRoot/myTimesheet/protected/views/job/create.php(18): JobController->renderPartial()
#8 /Users/admin/yii/framework/web/CBaseController.php(126): require()
#9 /Users/admin/yii/framework/web/CBaseController.php(95): JobController->renderInternal()
#10 /Users/admin/yii/framework/web/CController.php(869): JobController->renderFile()
#11 /Users/admin/yii/framework/web/CController.php(782): JobController->renderPartial()
#12 /Users/admin/Documents/WebRoot/myTimesheet/protected/controllers/JobController.php(78): JobController->render()
#13 /Users/admin/yii/framework/web/actions/CInlineAction.php(49): JobController->actionCreate()
#14 /Users/admin/yii/framework/web/CController.php(308): CInlineAction->runWithParams()
#15 /Users/admin/yii/framework/web/filters/CFilterChain.php(133): JobController->runAction()
#16 /Users/admin/yii/framework/web/filters/CFilter.php(40): CFilterChain->run()
#17 /Users/admin/yii/framework/web/CController.php(1145): CAccessControlFilter->filter()
#18 /Users/admin/yii/framework/web/filters/CInlineFilter.php(58): JobController->filterAccessControl()
#19 /Users/admin/yii/framework/web/filters/CFilterChain.php(130): CInlineFilter->filter()
#20 /Users/admin/yii/framework/web/CController.php(291): CFilterChain->run()
#21 /Users/admin/yii/framework/web/CController.php(265): JobController->runActionWithFilters()
#22 /Users/admin/yii/framework/web/CWebApplication.php(282): JobController->run()
#23 /Users/admin/yii/framework/web/CWebApplication.php(141): CWebApplication->runController()
#24 /Users/admin/yii/framework/base/CApplication.php(185): CWebApplication->processRequest()
#25 /Users/admin/Documents/WebRoot/myTimesheet/index.php(13): CWebApplication->run()
REQUEST_URI=/myTimesheet/index.php/job/create
in /Users/admin/Documents/WebRoot/myTimesheet/protected/views/job/_form.php (40)
in /Users/admin/Documents/WebRoot/myTimesheet/protected/views/job/create.php (18)
in /Users/admin/Documents/WebRoot/myTimesheet/protected/controllers/JobController.php (78)
2017/04/06 21:52:27 [error] [php] include(/Users/admin/Documents/WebRoot/myTimesheet/protected/extensions/CJuiDateTimePicker/CJuiDateTimePicker.php): failed to open stream: No such file or directory (/Users/admin/yii/framework/YiiBase.php:404)
Stack trace:
#0 /Users/admin/yii/framework/web/CWidgetFactory.php(146): import()
#1 /Users/admin/yii/framework/web/CBaseController.php(146): CWidgetFactory->createWidget()
#2 /Users/admin/yii/framework/web/CBaseController.php(180): JobController->createWidget()
#3 /Users/admin/Documents/WebRoot/myTimesheet/protected/views/job/_form.php(40): JobController->widget()
#4 /Users/admin/yii/framework/web/CBaseController.php(126): require()
#5 /Users/admin/yii/framework/web/CBaseController.php(95): JobController->renderInternal()
#6 /Users/admin/yii/framework/web/CController.php(869): JobController->renderFile()
#7 /Users/admin/Documents/WebRoot/myTimesheet/protected/views/job/create.php(18): JobController->renderPartial()
#8 /Users/admin/yii/framework/web/CBaseController.php(126): require()
#9 /Users/admin/yii/framework/web/CBaseController.php(95): JobController->renderInternal()
#10 /Users/admin/yii/framework/web/CController.php(869): JobController->renderFile()
#11 /Users/admin/yii/framework/web/CController.php(782): JobController->renderPartial()
#12 /Users/admin/Documents/WebRoot/myTimesheet/protected/controllers/JobController.php(78): JobController->render()
#13 /Users/admin/yii/framework/web/actions/CInlineAction.php(49): JobController->actionCreate()
#14 /Users/admin/yii/framework/web/CController.php(308): CInlineAction->runWithParams()
#15 /Users/admin/yii/framework/web/filters/CFilterChain.php(133): JobController->runAction()
#16 /Users/admin/yii/framework/web/filters/CFilter.php(40): CFilterChain->run()
#17 /Users/admin/yii/framework/web/CController.php(1145): CAccessControlFilter->filter()
#18 /Users/admin/yii/framework/web/filters/CInlineFilter.php(58): JobController->filterAccessControl()
#19 /Users/admin/yii/framework/web/filters/CFilterChain.php(130): CInlineFilter->filter()
#20 /Users/admin/yii/framework/web/CController.php(291): CFilterChain->run()
#21 /Users/admin/yii/framework/web/CController.php(265): JobController->runActionWithFilters()
#22 /Users/admin/yii/framework/web/CWebApplication.php(282): JobController->run()
#23 /Users/admin/yii/framework/web/CWebApplication.php(141): CWebApplication->runController()
#24 /Users/admin/yii/framework/base/CApplication.php(185): CWebApplication->processRequest()
#25 /Users/admin/Documents/WebRoot/myTimesheet/index.php(13): CWebApplication->run()
REQUEST_URI=/myTimesheet/index.php/job/create
in /Users/admin/Documents/WebRoot/myTimesheet/protected/views/job/_form.php (40)
in /Users/admin/Documents/WebRoot/myTimesheet/protected/views/job/create.php (18)
in /Users/admin/Documents/WebRoot/myTimesheet/protected/controllers/JobController.php (78)
2017/04/06 21:52:29 [error] [php] include(/Users/admin/Documents/WebRoot/myTimesheet/protected/extensions/CJuiDateTimePicker/CJuiDateTimePicker.php): failed to open stream: No such file or directory (/Users/admin/yii/framework/YiiBase.php:404)
Stack trace:
#0 /Users/admin/yii/framework/web/CWidgetFactory.php(146): import()
#1 /Users/admin/yii/framework/web/CBaseController.php(146): CWidgetFactory->createWidget()
#2 /Users/admin/yii/framework/web/CBaseController.php(180): JobController->createWidget()
#3 /Users/admin/Documents/WebRoot/myTimesheet/protected/views/job/_form.php(40): JobController->widget()
#4 /Users/admin/yii/framework/web/CBaseController.php(126): require()
#5 /Users/admin/yii/framework/web/CBaseController.php(95): JobController->renderInternal()
#6 /Users/admin/yii/framework/web/CController.php(869): JobController->renderFile()
#7 /Users/admin/Documents/WebRoot/myTimesheet/protected/views/job/create.php(18): JobController->renderPartial()
#8 /Users/admin/yii/framework/web/CBaseController.php(126): require()
#9 /Users/admin/yii/framework/web/CBaseController.php(95): JobController->renderInternal()
#10 /Users/admin/yii/framework/web/CController.php(869): JobController->renderFile()
#11 /Users/admin/yii/framework/web/CController.php(782): JobController->renderPartial()
#12 /Users/admin/Documents/WebRoot/myTimesheet/protected/controllers/JobController.php(78): JobController->render()
#13 /Users/admin/yii/framework/web/actions/CInlineAction.php(49): JobController->actionCreate()
#14 /Users/admin/yii/framework/web/CController.php(308): CInlineAction->runWithParams()
#15 /Users/admin/yii/framework/web/filters/CFilterChain.php(133): JobController->runAction()
#16 /Users/admin/yii/framework/web/filters/CFilter.php(40): CFilterChain->run()
#17 /Users/admin/yii/framework/web/CController.php(1145): CAccessControlFilter->filter()
#18 /Users/admin/yii/framework/web/filters/CInlineFilter.php(58): JobController->filterAccessControl()
#19 /Users/admin/yii/framework/web/filters/CFilterChain.php(130): CInlineFilter->filter()
#20 /Users/admin/yii/framework/web/CController.php(291): CFilterChain->run()
#21 /Users/admin/yii/framework/web/CController.php(265): JobController->runActionWithFilters()
#22 /Users/admin/yii/framework/web/CWebApplication.php(282): JobController->run()
#23 /Users/admin/yii/framework/web/CWebApplication.php(141): CWebApplication->runController()
#24 /Users/admin/yii/framework/base/CApplication.php(185): CWebApplication->processRequest()
#25 /Users/admin/Documents/WebRoot/myTimesheet/index.php(13): CWebApplication->run()
REQUEST_URI=/myTimesheet/index.php/job/create
in /Users/admin/Documents/WebRoot/myTimesheet/protected/views/job/_form.php (40)
in /Users/admin/Documents/WebRoot/myTimesheet/protected/views/job/create.php (18)
in /Users/admin/Documents/WebRoot/myTimesheet/protected/controllers/JobController.php (78)
2017/04/06 21:53:10 [error] [php] Undefined variable: modulePath (/Users/admin/Documents/WebRoot/myTimesheet/protected/views/job/_form.php:38)
Stack trace:
#0 /Users/admin/yii/framework/web/CController.php(869): JobController->renderFile()
#1 /Users/admin/Documents/WebRoot/myTimesheet/protected/views/job/create.php(18): JobController->renderPartial()
#2 /Users/admin/yii/framework/web/CBaseController.php(126): require()
#3 /Users/admin/yii/framework/web/CBaseController.php(95): JobController->renderInternal()
#4 /Users/admin/yii/framework/web/CController.php(869): JobController->renderFile()
#5 /Users/admin/yii/framework/web/CController.php(782): JobController->renderPartial()
#6 /Users/admin/Documents/WebRoot/myTimesheet/protected/controllers/JobController.php(78): JobController->render()
#7 /Users/admin/yii/framework/web/actions/CInlineAction.php(49): JobController->actionCreate()
#8 /Users/admin/yii/framework/web/CController.php(308): CInlineAction->runWithParams()
#9 /Users/admin/yii/framework/web/filters/CFilterChain.php(133): JobController->runAction()
#10 /Users/admin/yii/framework/web/filters/CFilter.php(40): CFilterChain->run()
#11 /Users/admin/yii/framework/web/CController.php(1145): CAccessControlFilter->filter()
#12 /Users/admin/yii/framework/web/filters/CInlineFilter.php(58): JobController->filterAccessControl()
#13 /Users/admin/yii/framework/web/filters/CFilterChain.php(130): CInlineFilter->filter()
#14 /Users/admin/yii/framework/web/CController.php(291): CFilterChain->run()
#15 /Users/admin/yii/framework/web/CController.php(265): JobController->runActionWithFilters()
#16 /Users/admin/yii/framework/web/CWebApplication.php(282): JobController->run()
#17 /Users/admin/yii/framework/web/CWebApplication.php(141): CWebApplication->runController()
#18 /Users/admin/yii/framework/base/CApplication.php(185): CWebApplication->processRequest()
#19 /Users/admin/Documents/WebRoot/myTimesheet/index.php(13): CWebApplication->run()
REQUEST_URI=/myTimesheet/index.php/job/create
in /Users/admin/Documents/WebRoot/myTimesheet/protected/views/job/_form.php (38)
in /Users/admin/Documents/WebRoot/myTimesheet/protected/views/job/create.php (18)
in /Users/admin/Documents/WebRoot/myTimesheet/protected/controllers/JobController.php (78)
2017/04/06 21:55:00 [error] [exception.CException] CException: Property "CHttpRequest.modulePath" is not defined. in /Users/admin/yii/framework/base/CComponent.php:130
Stack trace:
#0 /Users/admin/Documents/WebRoot/myTimesheet/protected/views/job/_form.php(38): CComponent->__get('modulePath')
#1 /Users/admin/yii/framework/web/CBaseController.php(126): require('/Users/admin/Do...')
#2 /Users/admin/yii/framework/web/CBaseController.php(95): CBaseController->renderInternal('/Users/admin/Do...', Array, true)
#3 /Users/admin/yii/framework/web/CController.php(869): CBaseController->renderFile('/Users/admin/Do...', Array, true)
#4 /Users/admin/Documents/WebRoot/myTimesheet/protected/views/job/create.php(18): CController->renderPartial('_form', Array)
#5 /Users/admin/yii/framework/web/CBaseController.php(126): require('/Users/admin/Do...')
#6 /Users/admin/yii/framework/web/CBaseController.php(95): CBaseController->renderInternal('/Users/admin/Do...', Array, true)
#7 /Users/admin/yii/framework/web/CController.php(869): CBaseController->renderFile('/Users/admin/Do...', Array, true)
#8 /Users/admin/yii/framework/web/CController.php(782): CController->renderPartial('create', Array, true)
#9 /Users/admin/Documents/WebRoot/myTimesheet/protected/controllers/JobController.php(78): CController->render('create', Array)
#10 /Users/admin/yii/framework/web/actions/CInlineAction.php(49): JobController->actionCreate()
#11 /Users/admin/yii/framework/web/CController.php(308): CInlineAction->runWithParams(Array)
#12 /Users/admin/yii/framework/web/filters/CFilterChain.php(133): CController->runAction(Object(CInlineAction))
#13 /Users/admin/yii/framework/web/filters/CFilter.php(40): CFilterChain->run()
#14 /Users/admin/yii/framework/web/CController.php(1145): CFilter->filter(Object(CFilterChain))
#15 /Users/admin/yii/framework/web/filters/CInlineFilter.php(58): CController->filterAccessControl(Object(CFilterChain))
#16 /Users/admin/yii/framework/web/filters/CFilterChain.php(130): CInlineFilter->filter(Object(CFilterChain))
#17 /Users/admin/yii/framework/web/CController.php(291): CFilterChain->run()
#18 /Users/admin/yii/framework/web/CController.php(265): CController->runActionWithFilters(Object(CInlineAction), Array)
#19 /Users/admin/yii/framework/web/CWebApplication.php(282): CController->run('create')
#20 /Users/admin/yii/framework/web/CWebApplication.php(141): CWebApplication->runController('job/create')
#21 /Users/admin/yii/framework/base/CApplication.php(185): CWebApplication->processRequest()
#22 /Users/admin/Documents/WebRoot/myTimesheet/index.php(13): CApplication->run()
#23 {main}
REQUEST_URI=/myTimesheet/index.php/job/create
HTTP_REFERER=http://localhost:8888/myTimesheet/index.php/job/3
---
2017/04/06 21:55:02 [error] [exception.CException] CException: Property "CHttpRequest.modulePath" is not defined. in /Users/admin/yii/framework/base/CComponent.php:130
Stack trace:
#0 /Users/admin/Documents/WebRoot/myTimesheet/protected/views/job/_form.php(38): CComponent->__get('modulePath')
#1 /Users/admin/yii/framework/web/CBaseController.php(126): require('/Users/admin/Do...')
#2 /Users/admin/yii/framework/web/CBaseController.php(95): CBaseController->renderInternal('/Users/admin/Do...', Array, true)
#3 /Users/admin/yii/framework/web/CController.php(869): CBaseController->renderFile('/Users/admin/Do...', Array, true)
#4 /Users/admin/Documents/WebRoot/myTimesheet/protected/views/job/create.php(18): CController->renderPartial('_form', Array)
#5 /Users/admin/yii/framework/web/CBaseController.php(126): require('/Users/admin/Do...')
#6 /Users/admin/yii/framework/web/CBaseController.php(95): CBaseController->renderInternal('/Users/admin/Do...', Array, true)
#7 /Users/admin/yii/framework/web/CController.php(869): CBaseController->renderFile('/Users/admin/Do...', Array, true)
#8 /Users/admin/yii/framework/web/CController.php(782): CController->renderPartial('create', Array, true)
#9 /Users/admin/Documents/WebRoot/myTimesheet/protected/controllers/JobController.php(78): CController->render('create', Array)
#10 /Users/admin/yii/framework/web/actions/CInlineAction.php(49): JobController->actionCreate()
#11 /Users/admin/yii/framework/web/CController.php(308): CInlineAction->runWithParams(Array)
#12 /Users/admin/yii/framework/web/filters/CFilterChain.php(133): CController->runAction(Object(CInlineAction))
#13 /Users/admin/yii/framework/web/filters/CFilter.php(40): CFilterChain->run()
#14 /Users/admin/yii/framework/web/CController.php(1145): CFilter->filter(Object(CFilterChain))
#15 /Users/admin/yii/framework/web/filters/CInlineFilter.php(58): CController->filterAccessControl(Object(CFilterChain))
#16 /Users/admin/yii/framework/web/filters/CFilterChain.php(130): CInlineFilter->filter(Object(CFilterChain))
#17 /Users/admin/yii/framework/web/CController.php(291): CFilterChain->run()
#18 /Users/admin/yii/framework/web/CController.php(265): CController->runActionWithFilters(Object(CInlineAction), Array)
#19 /Users/admin/yii/framework/web/CWebApplication.php(282): CController->run('create')
#20 /Users/admin/yii/framework/web/CWebApplication.php(141): CWebApplication->runController('job/create')
#21 /Users/admin/yii/framework/base/CApplication.php(185): CWebApplication->processRequest()
#22 /Users/admin/Documents/WebRoot/myTimesheet/index.php(13): CApplication->run()
#23 {main}
REQUEST_URI=/myTimesheet/index.php/job/create
HTTP_REFERER=http://localhost:8888/myTimesheet/index.php/job/3
---
2017/04/06 21:55:03 [error] [exception.CException] CException: Property "CHttpRequest.modulePath" is not defined. in /Users/admin/yii/framework/base/CComponent.php:130
Stack trace:
#0 /Users/admin/Documents/WebRoot/myTimesheet/protected/views/job/_form.php(38): CComponent->__get('modulePath')
#1 /Users/admin/yii/framework/web/CBaseController.php(126): require('/Users/admin/Do...')
#2 /Users/admin/yii/framework/web/CBaseController.php(95): CBaseController->renderInternal('/Users/admin/Do...', Array, true)
#3 /Users/admin/yii/framework/web/CController.php(869): CBaseController->renderFile('/Users/admin/Do...', Array, true)
#4 /Users/admin/Documents/WebRoot/myTimesheet/protected/views/job/create.php(18): CController->renderPartial('_form', Array)
#5 /Users/admin/yii/framework/web/CBaseController.php(126): require('/Users/admin/Do...')
#6 /Users/admin/yii/framework/web/CBaseController.php(95): CBaseController->renderInternal('/Users/admin/Do...', Array, true)
#7 /Users/admin/yii/framework/web/CController.php(869): CBaseController->renderFile('/Users/admin/Do...', Array, true)
#8 /Users/admin/yii/framework/web/CController.php(782): CController->renderPartial('create', Array, true)
#9 /Users/admin/Documents/WebRoot/myTimesheet/protected/controllers/JobController.php(78): CController->render('create', Array)
#10 /Users/admin/yii/framework/web/actions/CInlineAction.php(49): JobController->actionCreate()
#11 /Users/admin/yii/framework/web/CController.php(308): CInlineAction->runWithParams(Array)
#12 /Users/admin/yii/framework/web/filters/CFilterChain.php(133): CController->runAction(Object(CInlineAction))
#13 /Users/admin/yii/framework/web/filters/CFilter.php(40): CFilterChain->run()
#14 /Users/admin/yii/framework/web/CController.php(1145): CFilter->filter(Object(CFilterChain))
#15 /Users/admin/yii/framework/web/filters/CInlineFilter.php(58): CController->filterAccessControl(Object(CFilterChain))
#16 /Users/admin/yii/framework/web/filters/CFilterChain.php(130): CInlineFilter->filter(Object(CFilterChain))
#17 /Users/admin/yii/framework/web/CController.php(291): CFilterChain->run()
#18 /Users/admin/yii/framework/web/CController.php(265): CController->runActionWithFilters(Object(CInlineAction), Array)
#19 /Users/admin/yii/framework/web/CWebApplication.php(282): CController->run('create')
#20 /Users/admin/yii/framework/web/CWebApplication.php(141): CWebApplication->runController('job/create')
#21 /Users/admin/yii/framework/base/CApplication.php(185): CWebApplication->processRequest()
#22 /Users/admin/Documents/WebRoot/myTimesheet/index.php(13): CApplication->run()
#23 {main}
REQUEST_URI=/myTimesheet/index.php/job/create
HTTP_REFERER=http://localhost:8888/myTimesheet/index.php/job/3
---
2017/04/06 21:55:11 [error] [exception.CException] CException: Alias "/Users/admin/yii/frameworkapplication.extensions.CJuiDateTimePicker.CJuiDateTimePicker" is invalid. Make sure it points to an existing directory or file. in /Users/admin/yii/framework/YiiBase.php:348
Stack trace:
#0 /Users/admin/Documents/WebRoot/myTimesheet/protected/views/job/_form.php(38): YiiBase::import('/Users/admin/yi...')
#1 /Users/admin/yii/framework/web/CBaseController.php(126): require('/Users/admin/Do...')
#2 /Users/admin/yii/framework/web/CBaseController.php(95): CBaseController->renderInternal('/Users/admin/Do...', Array, true)
#3 /Users/admin/yii/framework/web/CController.php(869): CBaseController->renderFile('/Users/admin/Do...', Array, true)
#4 /Users/admin/Documents/WebRoot/myTimesheet/protected/views/job/create.php(18): CController->renderPartial('_form', Array)
#5 /Users/admin/yii/framework/web/CBaseController.php(126): require('/Users/admin/Do...')
#6 /Users/admin/yii/framework/web/CBaseController.php(95): CBaseController->renderInternal('/Users/admin/Do...', Array, true)
#7 /Users/admin/yii/framework/web/CController.php(869): CBaseController->renderFile('/Users/admin/Do...', Array, true)
#8 /Users/admin/yii/framework/web/CController.php(782): CController->renderPartial('create', Array, true)
#9 /Users/admin/Documents/WebRoot/myTimesheet/protected/controllers/JobController.php(78): CController->render('create', Array)
#10 /Users/admin/yii/framework/web/actions/CInlineAction.php(49): JobController->actionCreate()
#11 /Users/admin/yii/framework/web/CController.php(308): CInlineAction->runWithParams(Array)
#12 /Users/admin/yii/framework/web/filters/CFilterChain.php(133): CController->runAction(Object(CInlineAction))
#13 /Users/admin/yii/framework/web/filters/CFilter.php(40): CFilterChain->run()
#14 /Users/admin/yii/framework/web/CController.php(1145): CFilter->filter(Object(CFilterChain))
#15 /Users/admin/yii/framework/web/filters/CInlineFilter.php(58): CController->filterAccessControl(Object(CFilterChain))
#16 /Users/admin/yii/framework/web/filters/CFilterChain.php(130): CInlineFilter->filter(Object(CFilterChain))
#17 /Users/admin/yii/framework/web/CController.php(291): CFilterChain->run()
#18 /Users/admin/yii/framework/web/CController.php(265): CController->runActionWithFilters(Object(CInlineAction), Array)
#19 /Users/admin/yii/framework/web/CWebApplication.php(282): CController->run('create')
#20 /Users/admin/yii/framework/web/CWebApplication.php(141): CWebApplication->runController('job/create')
#21 /Users/admin/yii/framework/base/CApplication.php(185): CWebApplication->processRequest()
#22 /Users/admin/Documents/WebRoot/myTimesheet/index.php(13): CApplication->run()
#23 {main}
REQUEST_URI=/myTimesheet/index.php/job/create
HTTP_REFERER=http://localhost:8888/myTimesheet/index.php/job/3
---
